# Bundle file v0.3
11 634
6.8836191949e+02 -4.3298174566e-02 6.4595780129e-02
9.9169682343e-01 -1.1465523668e-01 5.8237334201e-02
9.1862251402e-02 9.4851528606e-01 3.0311726919e-01
-8.9992983950e-02 -2.9525062035e-01 9.5117208434e-01
2.0185509789e-01 9.9076193853e-01 -5.0499057991e-01
6.9316548007e+02 -4.2788556027e-02 4.9768575891e-02
9.8090077227e-01 7.0770232712e-02 -1.8117739683e-01
-2.4423955558e-02 9.6890268166e-01 2.4623375857e-01
1.9296928604e-01 -2.3710581525e-01 9.5212587772e-01
-4.7765118803e-01 8.2461492980e-01 -3.1325628962e-01
7.1075319636e+02 -2.7942473984e-03 1.4753084994e-03
8.2202435695e-01 3.2839905267e-01 -4.6522039807e-01
-1.5844219878e-01 9.1660087609e-01 3.6706798225e-01
5.4696620209e-01 -2.2802827928e-01 8.0550051373e-01
-1.2129289982e+00 1.1221879922e+00 -1.1886836074e+00
7.2894310203e+02 8.6093796885e-03 1.1555967394e-02
5.5816189883e-01 4.5112224758e-01 -6.9637921597e-01
-2.8957133455e-01 8.9242155028e-01 3.4602343679e-01
7.7756269002e-01 8.5143604001e-03 6.2874777834e-01
-1.8422445212e+00 1.1810561518e+00 -1.4010378887e+00
0 0 0
0 0 0
0 0 0
0 0 0
0 0 0
6.9977694537e+02 -2.0665597816e-02 -3.1888241333e-03
9.1024628669e-01 -2.8120635237e-01 3.0393204001e-01
1.9276829644e-01 9.3741219825e-01 2.8999785251e-01
-3.6645884005e-01 -2.0538100681e-01 9.0748364205e-01
1.1082175219e+00 1.0251393695e+00 -4.1406441589e-01
0 0 0
0 0 0
0 0 0
0 0 0
0 0 0
7.0536763787e+02 -6.1514718359e-02 -3.8535446503e-02
9.9916814437e-01 -5.5608928990e-03 -4.0399204737e-02
5.8219181266e-03 9.9996291372e-01 6.3463740627e-03
4.0362414974e-02 -6.5762956580e-03 9.9916346400e-01
-1.2465447342e-01 -1.0176644469e-02 -4.0754171518e-01
7.2010295081e+02 -5.7447735839e-02 -2.9784925075e-02
9.9126230731e-01 6.1414957239e-02 -1.1673577484e-01
-1.0194218854e-01 9.1830642805e-01 -3.8251940395e-01
8.3706799580e-02 3.9107736732e-01 9.1654332384e-01
-1.9169496608e-01 -1.1151636713e+00 -5.5190582573e-01
6.6006656793e+02 -5.5914350457e-02 -3.3497513156e-02
9.2527779494e-01 3.6105911719e-02 -3.7756769635e-01
2.1654850340e-01 7.6698191878e-01 6.0402440508e-01
3.1139644807e-01 -6.4065208920e-01 7.0185265742e-01
-1.0774990990e+00 1.8288188838e+00 -7.1354010542e-01
6.3719941124e+02 -7.1335476637e-03 -1.3083232132e-01
9.7422548319e-01 2.2445035499e-02 -2.2445696312e-01
1.2165780118e-01 7.8564250322e-01 6.0660138191e-01
1.8995811992e-01 -6.1827346499e-01 7.6266233365e-01
-3.1550057943e-01 2.0486193704e+00 -4.3750291897e-01
-4.0485346845e-01 -3.4008687041e-01 -2.5720917457e+00
100 180 114
5 7 43 -98.8700 -87.6000 8 55 -71.5800 -95.7300 0 31 -76.2700 -36.3600 5 22 12.7800 -30.8300 10 22 -39.7600 47.9900
-1.1892448486e-01 -7.6868283696e-01 -2.6138678838e+00
226 232 74
5 7 94 -32.0700 -185.2800 8 77 -11.5400 -177.9100 0 71 5.7500 -134.2100 1 78 -45.5200 -147.0200 5 80 114.0800 -129.5100
-4.1793796888e-01 -4.6313143680e-01 -2.6080769196e+00
31 27 24
4 7 73 -100.9600 -113.6900 8 89 -75.4800 -113.8500 0 76 -75.3800 -68.2100 1 87 -112.3700 -64.2200
-3.7735815462e-01 -5.1111085299e-01 -2.6352125634e+00
102 165 98
6 7 177 -90.2900 -124.3900 8 237 -64.2900 -120.8500 0 150 -65.1200 -79.5600 1 169 -101.5200 -77.2000 2 235 -97.6100 -52.9000 5 118 29.1700 -79.8600
-4.4407160463e-01 -3.8597489574e-01 -2.5656231019e+00
38 39 34
6 7 134 -108.8800 -97.5200 8 126 -82.7600 -103.3400 0 154 -84.6300 -47.5500 1 176 -119.8900 -42.6000 2 240 -106.6300 -21.4300 9 155 -145.8800 -31.3600
-1.4175993215e-01 -3.0845711312e-01 -2.5086935894e+00
208 204 203
5 7 189 -40.1000 -81.0400 8 170 -15.5700 -102.4200 0 160 -11.0000 -18.1900 1 180 -47.6400 -23.1400 2 242 -57.6100 -13.2700
-1.0630397455e-01 -3.0203865270e-01 -2.5234218619e+00
217 218 212
6 7 190 -30.5300 -79.0800 8 239 -4.9600 -100.3300 0 162 -4.1800 -17.1200 1 179 -37.8800 -22.4500 2 241 -50.0000 -14.1200 9 165 -66.3500 13.9900
-8.6348943833e-02 -2.5592176909e-01 -2.5136665412e+00
97 55 30
6 7 136 -26.1300 -67.9600 8 173 1.7200 -91.5700 0 166 -0.7100 -5.9800 1 124 -32.8300 -10.5800 2 173 -44.3100 -5.0500 3 173 -61.7300 26.2800
6.1262575458e-01 2.9334725833e-01 -2.7598187498e+00
220 236 235
4 7 206 133.9500 60.0300 8 195 185.6500 36.5100 0 246 129.4500 102.6200 1 195 153.7000 99.0900
-1.0272357806e-01 -4.0782613597e-01 -2.5585764230e+00
209 211 205
9 7 260 -28.8000 -103.7300 8 336 -5.3600 -117.9600 0 310 -0.3900 -44.5100 1 241 -37.1400 -51.7300 2 308 -53.3800 -38.7700 9 240 -63.9900 -15.2400 5 356 93.9500 -30.5900 10 185 44.5100 47.9100 3 435 -70.8400 -8.0600
-3.8135269074e-01 -2.5865917709e-01 -2.5657610225e+00
56 78 65
5 7 539 -93.4800 -67.5200 8 510 -66.8500 -79.3000 0 319 -73.3400 -16.5300 1 488 -101.6300 -11.8800 5 360 14.6700 -9.5700
-6.3968942677e-01 -2.3853442843e-01 -2.5084515816e+00
109 171 181
8 7 274 -157.8800 -64.0500 8 243 -131.1100 -74.2400 0 321 -136.9200 -13.1300 1 349 -166.8500 -1.9400 2 433 -132.0600 16.9400 9 350 -190.5300 -2.2600 5 235 -49.2300 -14.3900 10 306 -104.5700 71.5000
-6.4468520865e-01 -1.9708819199e-01 -2.4922300464e+00
112 171 178
6 7 277 -160.2300 -54.6800 8 244 -133.5800 -67.4600 0 322 -139.4000 -2.5400 1 352 -168.4900 9.0700 5 237 -52.9600 -1.5900 10 197 -105.6200 82.3000
-4.2860997251e-01 -5.4944782695e-01 -2.6206898753e+00
90 155 95
7 7 485 -103.2700 -134.0900 8 707 -77.5200 -128.6300 0 438 -77.1800 -89.6700 1 456 -116.1500 -85.8800 2 606 -110.2300 -57.4900 9 327 -141.0200 -75.1100 10 276 -45.4800 -7.3400
-1.1953678541e-01 -4.5061917458e-01 -2.5668846389e+00
29 28 26
9 7 354 -32.6400 -113.1900 8 480 -9.2000 -124.5700 0 449 -3.4200 -55.3800 1 336 -41.9400 -62.5900 2 405 -58.4500 -47.1900 9 337 -68.5400 -26.8600 5 349 92.8900 -43.8300 10 287 39.8200 36.2200 3 599 -75.9100 -17.6100
8.6587828579e-03 -4.2295455031e-01 -2.5960396151e+00
28 28 33
9 7 359 -2.0100 -105.3700 8 482 21.6200 -118.5100 0 451 26.1200 -47.5600 1 338 -7.2400 -57.9700 2 403 -30.6400 -49.1900 9 340 -30.4100 -17.9300 5 351 116.2200 -32.1200 10 290 78.4900 42.2600 3 430 -53.2200 -23.5600
-7.4887168218e-02 -4.0676105606e-01 -2.5661806148e+00
24 22 23
9 7 361 -22.1600 -102.8100 8 483 2.0100 -117.0800 0 455 6.0400 -43.8500 1 341 -29.7400 -51.6500 2 406 -47.6200 -40.1000 9 343 -55.8300 -14.4000 5 355 99.3200 -30.8500 10 294 53.0500 48.3500 3 605 -66.4600 -11.0900
-1.0604130011e-01 -3.5984788584e-01 -2.5407561238e+00
208 210 206
9 7 367 -29.9600 -92.2600 8 492 -4.7000 -109.4800 0 463 -2.5200 -31.9600 1 343 -38.2500 -38.1200 2 413 -52.5300 -27.3000 9 351 -65.8000 -1.4200 5 358 91.6500 -18.9700 10 297 41.7400 62.0300 3 438 -69.7600 2.7100
-5.0420818952e-02 -3.5410376033e-01 -2.5559319475e+00
208 210 202
7 7 512 -16.3600 -90.5300 8 744 8.2300 -107.9600 0 464 10.7900 -30.3800 1 473 -23.4400 -37.9500 2 634 -40.5300 -29.6300 9 507 -49.2400 0.7600 3 612 -60.0700 -1.2900
8.1539400080e-01 5.2861715625e-03 -2.9711090553e+00
214 224 216
6 7 391 170.1500 -3.9000 8 364 216.1300 -13.1600 0 492 168.2200 34.4600 1 356 198.9500 18.3600 9 375 205.5500 55.1700 10 312 284.0000 86.3900
1.9443336428e+00 -1.1376044262e+00 -4.6587405320e+00
129 119 124
3 7 480 280.9700 -162.3700 8 509 307.6300 -80.3600 0 581 284.9000 -189.4300
-3.8029442025e-01 -9.1906174756e-01 -2.5015310616e+00
33 38 41
3 7 447 -95.7900 -227.0800 8 432 -73.9800 -213.0800 0 590 -56.9300 -179.5600
1.0719511666e-01 -5.6790536483e-01 -2.6736099960e+00
78 7 0
5 7 658 21.3600 -136.0100 8 1015 42.8800 -139.4800 0 638 51.5400 -83.3600 1 628 18.4200 -99.4100 9 479 3.3400 -59.2300
6.1141819968e-02 -5.6375132520e-01 -2.6557184885e+00
168 130 128
6 7 659 10.5900 -135.9000 8 1017 32.3200 -139.6900 0 641 41.5000 -82.3700 1 630 6.1600 -97.0300 2 798 -25.3100 -85.1900 9 608 -11.5700 -58.2100
-6.4868070213e-01 -4.6193595227e-01 -2.5785901351e+00
131 186 191
8 7 495 -155.3700 -114.6900 8 491 -127.8900 -110.8900 0 644 -133.8300 -71.3500 1 651 -168.8600 -59.8400 2 1125 -141.5200 -29.5300 9 607 -194.5800 -60.3200 5 530 -39.3900 -81.8200 10 566 -107.6500 12.2300
-4.4990911073e-02 -4.8580531074e-01 -2.5998655376e+00
207 211 204
5 7 489 -14.4400 -120.1900 8 706 7.9600 -128.7300 0 646 15.7100 -64.0700 2 809 -44.3700 -60.3200 10 417 63.6200 25.5500
2.5273842572e-02 -4.7557343178e-01 -2.6181945019e+00
207 210 203
7 7 493 2.0500 -116.9900 8 713 24.7700 -126.3600 0 650 31.3400 -60.7900 1 640 -3.0900 -72.6100 2 808 -29.2700 -62.4300 9 484 -24.3500 -32.6100 3 788 -52.8600 -38.1000
-9.5456369398e-02 -4.3802492293e-01 -2.5691576576e+00
30 29 35
9 7 682 -26.8800 -109.8600 8 1056 -3.3200 -121.9900 0 655 2.0000 -52.0200 1 652 -35.4100 -59.5700 2 830 -53.2100 -45.9100 9 632 -61.4800 -23.1500 5 760 97.2400 -39.9700 10 589 46.9100 40.0600 3 817 -71.7600 -16.9700
-9.5456369398e-02 -4.3802492293e-01 -2.5691576576e+00
30 29 35
9 7 683 -26.8800 -109.8600 8 1057 -3.3200 -121.9900 0 656 2.0000 -52.0200 1 653 -35.4100 -59.5700 2 831 -53.2100 -45.9100 9 633 -61.4800 -23.1500 5 761 97.2400 -39.9700 10 590 46.9100 40.0600 3 818 -71.7600 -16.9700
9.6962962166e-02 -4.1344903216e-01 -2.6213965509e+00
49 12 11
7 7 503 18.7100 -102.5900 8 485 42.9800 -115.8800 0 663 45.7900 -44.8700 1 464 16.3700 -57.7300 2 611 -11.1800 -52.9500 9 496 -3.7600 -14.9600 10 422 105.3800 43.3000
4.3701971229e-02 -3.9264804905e-01 -2.5984283453e+00
30 27 28
8 7 504 6.1500 -98.3200 8 731 30.5000 -112.8600 0 667 33.4200 -39.9700 1 660 2.2500 -50.8500 2 622 -21.8500 -44.6000 9 500 -20.4400 -9.1800 10 425 88.4200 50.0000 3 811 -45.1700 -20.2300
4.3715820071e-02 -3.9277689070e-01 -2.5988659045e+00
30 27 28
7 7 505 6.1500 -98.3200 8 732 30.5000 -112.8600 0 668 33.4200 -39.9700 1 661 2.2500 -50.8500 2 623 -21.8500 -44.6000 9 501 -20.4400 -9.1800 3 810 -45.1700 -20.2300
-1.2540843182e-01 -3.8461856037e-01 -2.5435040808e+00
29 28 32
8 7 506 -34.5900 -98.3500 8 726 -10.3400 -114.7600 0 670 -6.4300 -38.3100 1 669 -43.3200 -44.3000 2 851 -57.2900 -31.6400 5 775 88.7500 -25.7200 10 430 36.6600 54.6200 3 834 -73.6000 -0.9500
-4.3295940380e-01 -3.3065267022e-01 -2.5564720600e+00
54 103 70
6 7 524 -106.8100 -85.0300 8 761 -80.1900 -93.1400 0 674 -83.0400 -33.4700 1 484 -116.5900 -28.7300 2 646 -102.1100 -10.5500 9 494 -142.0500 -17.3400
2.8741494656e-02 -3.2269620924e-01 -2.5714635059e+00
240 43 42
8 7 525 2.4200 -82.9100 8 752 27.9800 -102.4800 0 678 28.3200 -22.1800 1 681 -1.6900 -31.3700 2 638 -22.2300 -27.2000 5 790 115.0300 -4.7500 10 621 82.1900 69.0100 3 837 -43.9900 -0.6400
8.5955656572e-02 -3.0102122227e-01 -2.5826412609e+00
56 9 0
5 7 534 15.8700 -77.1700 8 501 41.8100 -98.2400 0 684 40.9200 -16.5300 2 640 -8.6600 -25.8100 9 514 -9.7100 15.9700
2.0807059402e-01 3.5613336973e-01 -2.6294708593e+00
189 216 227
5 7 570 43.7600 76.8300 8 561 87.9800 50.7300 0 713 46.9200 120.8800 1 725 54.8800 125.2800 5 607 94.8400 150.4800
-1.1441686028e-01 -5.9898340708e-01 -2.6171559404e+00
34 24 4
7 7 654 -30.3800 -145.7200 8 1007 -8.4900 -146.3700 0 831 1.2800 -93.9000 1 622 -40.7100 -102.7700 9 474 -64.4900 -70.3800 5 527 100.5200 -84.7100 10 545 44.7000 -6.8500
-1.1427772143e-01 -5.9917329428e-01 -2.6179185900e+00
34 24 4
6 7 655 -30.3800 -145.7200 8 1008 -8.4900 -146.3700 0 832 1.2800 -93.9000 1 623 -40.7100 -102.7700 9 475 -64.4900 -70.3800 5 528 100.5200 -84.7100
-6.3343216217e-01 -4.7427025787e-01 -2.5867872283e+00
149 42 81
4 7 670 -151.2500 -117.7200 8 1077 -124.4000 -112.5400 0 841 -129.5000 -74.7000 1 882 -164.9000 -63.6400
-1.1042657093e-01 -4.3235713116e-01 -2.5633063946e+00
211 211 203
8 7 688 -30.5700 -108.8300 8 1058 -6.7200 -121.1800 0 857 -1.6900 -50.7300 1 892 -39.3800 -57.7900 2 1115 -56.1100 -43.8100 9 638 -66.1500 -21.5800 5 1033 93.8200 -39.1200 10 591 42.3600 41.8600
7.0577150258e-02 -4.1485621230e-01 -2.6139632770e+00
36 34 37
9 7 698 12.6500 -103.1000 8 1071 36.7300 -116.3700 0 867 40.0700 -45.3100 1 655 9.3900 -57.4400 2 818 -16.8700 -51.4900 9 647 -11.7000 -15.3700 5 771 126.7000 -27.9700 10 592 97.1700 43.2200 3 800 -41.4300 -27.9000
7.0716557471e-02 -4.1480654367e-01 -2.6137142412e+00
36 34 37
8 7 699 12.6500 -103.1000 8 1072 36.7300 -116.3700 0 868 40.0700 -45.3100 1 656 9.3900 -57.4400 2 819 -16.8700 -51.4900 9 648 -11.7000 -15.3700 10 594 97.1700 43.2200 3 801 -41.4300 -27.9000
-1.1258202176e-01 -3.9234717842e-01 -2.5491794370e+00
214 217 209
8 7 702 -31.3900 -99.9600 8 1073 -7.1600 -115.6400 0 871 -3.2100 -40.2100 1 902 -39.9200 -46.7200 2 1119 -54.8800 -34.1600 9 822 -67.4000 -10.6600 5 1053 91.5000 -27.4500 10 606 40.8600 52.8800
2.6421027605e-02 -3.7343918073e-01 -2.5860558611e+00
224 227 223
8 7 707 2.0000 -94.3800 8 734 26.6800 -110.9800 0 875 28.9300 -34.7700 1 667 -2.3400 -45.1400 2 839 -24.7800 -38.8100 9 655 -26.1000 -4.2100 10 609 82.6200 55.4300 3 1128 -47.0900 -12.7700
5.8120148321e-02 -3.6864288279e-01 -2.5953292974e+00
225 225 223
8 7 708 9.5000 -92.9700 8 737 34.3000 -109.9200 0 876 36.0900 -33.4800 1 904 6.2400 -44.6100 2 1116 -17.6500 -39.6900 9 656 -16.5700 -2.7800 10 611 92.1300 55.7900 3 1124 -40.8900 -14.8000
8.1424792231e-02 -3.6541297568e-01 -2.6021294088e+00
224 225 217
8 7 711 15.0200 -92.0200 8 741 39.9100 -109.0700 0 878 41.3500 -32.5800 1 905 12.4300 -44.2600 2 837 -12.3900 -40.5800 9 657 -9.5300 -1.7500 10 610 99.0400 56.0700 3 1122 -36.3800 -16.4700
1.1711339027e-02 -3.4804483229e-01 -2.5735392453e+00
227 37 31
7 7 717 -1.5700 -88.5900 8 1089 23.2900 -106.3200 0 881 25.1100 -28.6000 1 676 -6.2300 -37.9200 2 848 -27.0300 -32.1800 9 659 -31.0200 2.8300 3 828 -48.7400 -5.7200
3.6742903667e-02 -3.4532996937e-01 -2.5809487655e+00
234 35 31
7 7 718 4.5000 -87.8400 8 1094 29.4500 -105.6700 0 882 30.7100 -27.9200 1 675 0.3900 -37.8200 2 847 -21.4200 -33.0500 9 660 -23.5100 3.6400 3 827 -43.9400 -7.4200
-4.2254817153e-01 -2.2787132360e-01 -2.5319894454e+00
65 86 77
6 7 733 -105.4300 -60.9300 8 765 -79.1300 -75.7800 0 888 -83.0400 -6.9400 1 690 -113.1000 -2.0400 9 666 -138.4800 8.3100 10 625 -45.1700 77.5600
-1.4572336132e-03 -4.4141043154e-01 -2.5973287679e+00
210 212 211
4 7 938 -4.3500 -109.6800 8 1055 19.3400 -122.2100 0 1130 24.0400 -51.8900 9 812 -33.4800 -23.3200
-3.2849605950e-01 -1.9104220811e-01 -2.5618155857e+00
194 209 199
4 7 1007 -82.2500 -51.9300 8 1142 -55.0100 -66.4100 0 1171 -60.6300 0.6100 1 1197 -87.4400 4.2900
9.3274450803e-01 1.7883278959e-01 -2.9977067600e+00
56 51 49
4 7 558 192.3200 32.7000 8 554 246.5600 22.9700 0 1200 182.7800 66.6900 10 856 303.7600 115.0700
-3.7603093058e-01 -5.1048072844e-01 -2.6325403102e+00
102 165 98
4 7 178 -90.2900 -124.3900 8 238 -64.2900 -120.8500 1 170 -101.5200 -77.2000 2 236 -97.6100 -52.9000
-4.5607568888e-02 -4.0355772630e-01 -2.5728836311e+00
163 163 161
6 7 263 -15.0000 -101.1800 8 337 9.1700 -115.9300 1 240 -22.0500 -51.1500 9 243 -47.2600 -12.6400 5 229 105.6600 -29.9700 10 186 61.2500 48.8700
-4.5220231156e-01 -3.1650235703e-01 -2.5430396382e+00
77 158 112
6 7 268 -112.0900 -81.8200 8 348 -85.9000 -91.4900 1 244 -122.4700 -24.4100 2 315 -105.5200 -6.0900 9 242 -147.6700 -13.2000 10 188 -52.9800 56.9100
-1.4391546125e-01 -4.7218416611e-01 -2.5729500148e+00
202 200 194
5 7 259 -38.1600 -117.3800 8 234 -14.6400 -126.3900 1 335 -48.1900 -67.9800 2 402 -64.2600 -51.1500 5 346 89.0600 -52.1600
9.2661892574e-01 1.8047196643e-01 -2.9933390847e+00
56 51 49
3 7 557 192.3200 32.7000 8 555 246.5600 22.9700 1 512 225.2600 54.7600
1.6847729908e+00 -7.7425004078e-01 -5.0019908417e+00
123 110 115
3 7 944 231.3400 -105.8600 8 794 271.5000 -11.3500 1 780 305.1200 -180.3900
1.6434851162e+00 -6.6163343123e-01 -5.1288817474e+00
138 126 130
3 7 715 221.3000 -89.0100 8 544 265.1200 9.4700 1 801 294.0200 -163.0900
1.6434851162e+00 -6.6163343123e-01 -5.1288817474e+00
138 126 130
3 7 716 221.3000 -89.0100 8 545 265.1200 9.4700 1 803 294.0200 -163.0900
1.7411644929e+00 -5.7030045707e-01 -5.2123195827e+00
137 126 132
3 7 988 231.0100 -76.0500 8 1210 277.6200 23.3700 1 815 305.9000 -150.9000
2.3220935749e-01 3.8011243157e-01 -2.6272043756e+00
220 246 252
3 7 574 49.4200 82.3500 8 562 95.3200 55.5900 1 954 60.6200 130.7600
1.6496096475e+00 -9.4990676409e-01 -4.8237338411e+00
86 77 83
3 7 908 233.5700 -133.3100 8 1157 267.3000 -42.4000 1 1007 306.6600 -208.4500
1.6033622291e+00 -6.7921613994e-01 -5.1095176083e+00
95 80 83
3 7 968 216.8400 -91.6800 8 1192 260.0100 6.9300 1 1062 288.3900 -165.2600
-2.7633099789e-01 -8.2643371410e-01 -2.5564578295e+00
38 84 154
3 7 827 -69.4100 -201.7400 8 938 -48.3800 -192.1200 1 1072 -90.9600 -158.9600
-2.7633099789e-01 -8.2643371410e-01 -2.5564578295e+00
38 84 154
3 7 828 -69.4100 -201.7400 8 939 -48.3800 -192.1200 1 1073 -90.9600 -158.9600
4.8778673046e-02 -7.8371948405e-01 -2.5990721324e+00
211 233 127
3 7 852 7.9100 -189.5000 8 949 24.7500 -187.4700 1 1084 -3.8800 -153.8000
2.3121802168e-01 3.9785736758e-01 -2.6295303704e+00
41 75 77
3 7 1077 48.9600 86.4300 8 821 95.5300 60.0900 1 1271 60.8600 134.4800
-4.1625705773e-01 -2.7317389936e-01 -2.5480405069e+00
62 87 68
4 7 270 -102.9500 -71.3000 8 350 -76.4600 -82.5700 2 426 -96.5800 0.5100 9 349 -137.0800 -2.9500
-6.8252054250e-01 -1.9747361995e-01 -2.4792770668e+00
151 140 158
4 7 541 -170.0300 -54.5000 8 517 -143.5600 -67.7400 2 882 -138.8400 27.9600 9 667 -201.5300 8.2300
-5.8843791481e-04 -4.8017736772e-01 -2.6137689606e+00
213 215 213
3 7 668 -3.8400 -118.3700 8 1042 19.0600 -127.4300 2 1087 -34.7100 -61.8900
-6.2373909285e-01 -5.8144479749e-01 -2.6285912524e+00
127 34 48
3 7 895 -146.5100 -140.2900 8 1041 -119.1800 -128.4900 9 963 -188.4900 -93.8100
-6.5827414615e-01 -2.5457827291e-02 -2.4261296918e+00
183 158 143
2 7 34 -167.3900 -13.5400 8 28 -143.1000 -36.2200
8.5560833798e-01 6.7212064524e-01 -2.9052672663e+00
209 218 216
2 7 61 179.4800 138.4100 8 36 257.2200 130.1400
-1.5914900158e-02 -7.8115446898e-01 -2.6174338360e+00
238 239 76
2 7 93 -7.3900 -187.9600 8 120 11.3500 -182.7100
-1.2189447347e-01 -7.7014520308e-01 -2.6173366418e+00
226 232 74
2 7 95 -32.0700 -185.2800 8 78 -11.5400 -177.9100
-8.3709376819e-02 -2.5551330875e-01 -2.5194906812e+00
97 55 30
2 7 135 -26.1300 -67.9600 8 172 1.7200 -91.5700
6.0999729522e-01 -3.3030109475e-01 -3.2697458837e+00
129 130 132
2 7 137 119.8200 -68.9700 8 134 152.8600 -45.4700
-1.4606322168e-01 -3.0839084208e-01 -2.5063245195e+00
208 204 203
2 7 188 -40.1000 -81.0400 8 169 -15.5700 -102.4200
-5.8094324993e-01 -1.7881067753e-01 -2.5158933402e+00
117 163 176
2 7 194 -143.5800 -49.7900 8 245 -117.4300 -62.2200
5.6474677650e-01 8.5273403167e-03 -2.9408491602e+00
69 116 51
2 7 200 118.0900 -3.6200 8 181 160.1100 -9.0000
-1.4530392982e-01 -8.7974513192e-01 -2.5563879060e+00
92 100 98
2 7 237 -37.8200 -214.6300 8 218 -20.6000 -205.0100
-1.2791784842e-01 2.1739667379e-01 -2.6348217167e+00
63 191 229
2 7 310 -33.7000 43.9100 8 193 0.2600 26.2600
-4.2937838149e-01 -6.0222085827e-01 -2.6338659370e+00
31 59 39
2 7 348 -102.4000 -145.3400 8 473 -76.6800 -136.8500
-7.6736487784e-02 2.2869816739e-01 -2.6521726752e+00
230 107 151
2 7 406 -21.8000 46.3400 8 268 13.7100 29.1100
-1.4246950318e-01 -9.2640438536e-01 -2.5115111151e+00
25 61 49
2 7 443 -38.2900 -228.8900 8 421 -21.6700 -219.7100
-1.7971705580e-01 -8.3356645283e-01 -2.6102972087e+00
22 59 38
2 7 462 -45.1000 -200.2300 8 449 -25.4200 -188.5400
-2.8618607897e-01 -8.1462661077e-01 -2.5610565507e+00
191 211 219
2 7 464 -71.3600 -198.7800 8 654 -50.1000 -188.9500
1.6539915796e+00 -1.0294220946e+00 -4.7625157587e+00
127 123 126
2 7 483 236.3100 -145.2900 8 525 267.4800 -56.1300
5.3649900322e-01 -5.6929540470e-01 -2.8142674213e+00
38 56 13
2 7 486 116.3900 -130.6900 8 703 137.1200 -133.4900
-4.3241141372e-01 -3.3098798043e-01 -2.5576972799e+00
54 103 70
2 7 523 -106.8100 -85.0300 8 760 -80.1900 -93.1400
-1.1672708713e-01 -2.7508566950e-01 -2.5096551025e+00
105 58 34
2 7 536 -33.3700 -72.9100 8 1109 -7.6400 -95.9000
-1.4675607401e-01 -1.6629479022e-01 -2.6401347343e+00
203 206 190
2 7 543 -37.8200 -44.8600 8 524 -9.2700 -57.3700
1.5667805803e-02 -4.0752685030e-02 -2.7087741312e+00
41 25 19
2 7 546 0.4900 -15.4100 8 251 32.1500 -27.8400
1.8152109961e+00 -8.9190360298e-02 -5.6721843843e+00
96 92 97
2 7 547 224.3100 -14.5400 8 387 285.8600 99.5600
5.7933149598e-01 2.8164665470e-01 -2.7842803914e+00
120 133 108
2 7 563 125.3600 57.1100 8 370 176.7200 36.3900
-1.3328804747e-01 3.2608988470e-01 -2.7222217054e+00
222 244 206
2 7 566 -34.0500 66.9700 8 373 3.8000 58.7200
4.1958026167e-01 4.3491865125e-01 -2.6820007097e+00
36 52 59
2 7 577 91.7000 93.9300 8 277 144.4000 68.4400
-1.6260158398e-01 -8.9586382601e-01 -2.5356117251e+00
47 49 52
2 7 614 -42.6900 -219.8500 8 631 -24.8600 -210.3300
1.7098101377e+00 -1.3954235358e+00 -4.3862904446e+00
96 79 78
2 7 620 260.4100 -209.6000 8 708 276.1200 -127.7900
-1.4926871186e-01 -8.3335506268e-01 -2.6024739127e+00
36 59 36
2 7 625 -38.2600 -200.7400 8 651 -19.0400 -190.3900
1.7350661033e+00 -1.3273772248e+00 -4.4524294469e+00
146 130 133
2 7 630 261.1200 -197.0400 8 725 279.5900 -114.8700
1.7806626906e+00 -1.2961414776e+00 -4.4905551417e+00
146 144 149
2 7 633 265.9300 -191.0300 8 739 285.7300 -108.9300
1.8949767543e+00 -1.2869573840e+00 -4.4942382500e+00
78 61 72
2 7 634 282.1300 -189.3700 8 738 302.0300 -109.2400
1.7332173848e+00 -1.2590957901e+00 -4.5254894656e+00
140 134 140
2 7 637 257.5000 -184.5600 8 754 279.0700 -101.1900
1.5524536064e+00 -1.2442676630e+00 -4.5375505985e+00
145 135 139
2 7 639 231.1200 -182.2900 8 758 253.7400 -95.8400
1.8338074853e+00 -1.2111618678e+00 -4.5697614278e+00
123 117 119
2 7 641 269.7800 -176.0700 8 759 293.1700 -93.6900
1.6773581323e+00 -1.0746791440e+00 -4.7167967771e+00
98 89 87
2 7 648 241.4500 -152.7200 8 773 270.7100 -64.8800
1.8892219421e+00 -7.6459258214e-01 -5.0296431447e+00
86 68 66
2 7 694 256.9700 -103.7500 8 539 298.2900 -11.5400
1.8511405726e+00 -6.7210222639e-01 -5.1180908213e+00
86 76 78
2 7 712 248.3900 -90.3700 8 542 292.9300 4.8800
1.8511405726e+00 -6.7210222639e-01 -5.1180908213e+00
86 76 78
2 7 713 248.3900 -90.3700 8 543 292.9300 4.8800
1.7525723868e+00 -5.9664770452e-01 -5.1981003755e+00
86 72 72
2 7 725 232.7300 -79.7100 8 802 279.4400 19.3400
1.7525723868e+00 -5.9664770452e-01 -5.1981003755e+00
86 72 72
2 7 726 232.7300 -79.7100 8 803 279.4400 19.3400
1.7674773897e+00 -2.9389288653e-01 -5.4587455163e+00
103 103 106
2 7 740 225.4800 -39.7400 8 1232 281.3100 67.4800
7.7857354229e-01 -9.0670424898e-02 -3.0362989778e+00
109 111 98
2 7 745 160.0000 -23.8400 8 787 201.5200 -25.2400
6.2950114845e-01 2.0718917277e-01 -2.7769298131e+00
201 218 218
2 7 760 136.8300 40.7600 8 798 186.3900 17.6800
1.5972417218e+00 -1.4403128272e+00 -4.3368951799e+00
99 83 87
2 7 809 246.1000 -218.4800 8 1027 260.1200 -135.3700
-3.6949418781e-01 -8.9005659147e-01 -2.5373140949e+00
34 70 50
2 7 811 -91.5300 -217.8300 8 922 -69.7100 -203.2700
1.4970941874e+00 -1.3823182143e+00 -4.3892172412e+00
106 90 94
2 7 818 229.0500 -207.9200 8 1052 246.0600 -122.7300
1.5782362380e+00 -1.3516418433e+00 -4.4149420305e+00
90 80 80
2 7 823 239.9100 -202.2900 8 1067 257.7900 -118.2800
-2.5826475928e-01 -8.2690842942e-01 -2.5504348127e+00
26 78 160
2 7 826 -65.1400 -202.4100 8 937 -44.4900 -193.3800
1.8200373596e+00 -1.2984400291e+00 -4.4864839414e+00
102 87 91
2 7 842 271.6600 -191.4500 8 1081 291.4700 -110.1100
7.0820063903e-02 -7.8373844535e-01 -2.5956056366e+00
217 242 116
2 7 848 13.0300 -189.9800 8 945 29.5400 -188.4400
4.8958860823e-02 -7.8185335096e-01 -2.5959076785e+00
211 233 127
2 7 851 7.9100 -189.5000 8 948 24.7500 -187.4700
1.9451136133e+00 -1.2834253032e+00 -4.5090716315e+00
87 77 83
2 7 855 288.5400 -188.2200 8 743 308.6400 -108.4600
1.5318829963e+00 -8.9799043439e-01 -4.8892782288e+00
123 110 113
2 7 914 215.0500 -124.5500 8 1168 250.7500 -30.7200
1.9128629936e+00 -8.9773727078e-01 -4.8873882841e+00
83 72 76
2 7 919 266.1000 -124.1400 8 785 302.6000 -36.1300
1.6401047578e+00 -8.3376103008e-01 -4.9477080226e+00
122 113 121
2 7 928 227.4400 -114.6600 8 1175 265.4500 -21.0500
1.7582822328e+00 -7.8851976113e-01 -4.9982312374e+00
90 68 67
2 7 940 241.0800 -107.6000 8 791 281.1200 -14.3700
-6.1008238368e-02 -4.2442010607e-01 -2.5762594755e+00
210 211 210
3 7 942 -18.7500 -106.8200 8 1063 5.2600 -119.4700 10 596 57.4200 43.0100
1.6772205513e+00 -7.5424226148e-01 -5.0412093440e+00
126 112 116
2 7 954 228.9500 -102.4100 8 795 269.7700 -6.7600
1.8847097130e+00 -3.1902217617e-01 -5.4672551061e+00
106 98 106
2 7 1013 239.3900 -42.6300 8 824 295.4500 63.2300
-2.4903061889e-01 -8.3407609190e-02 -2.6440624762e+00
157 86 117
2 7 1021 -61.2900 -25.7700 8 1163 -32.1500 -36.8300
1.8038167013e+00 -1.7160970589e-02 -5.7441919008e+00
78 74 75
2 7 1032 220.4400 -6.1400 8 840 284.2400 110.7400
2.0394899684e+00 1.6045566650e-01 -5.9154840457e+00
53 46 47
2 7 1039 241.4600 13.9900 8 843 312.6600 134.3600
2.3207060522e-01 3.9745432704e-01 -2.6326428591e+00
41 75 77
2 7 1076 48.9600 86.4300 8 820 95.5300 60.0900
-5.3082499383e-02 -7.0298650413e-01 -2.6311362213e+00
221 198 54
2 7 8 -16.1000 -169.3900 1 7 -26.2800 -130.6000
-2.4608253469e-01 -6.5884491293e-01 -2.5836066366e+00
32 30 23
2 7 13 -61.8900 -161.3400 1 11 -77.0000 -115.1600
-4.8010625440e-01 2.1953770834e-01 -2.4899041746e+00
219 224 225
3 7 21 -120.1400 45.7700 0 21 -106.7900 95.1800 1 30 -118.3300 106.6800
-5.8761700991e-01 -5.4118559363e-01 -2.6084779778e+00
181 180 146
3 7 25 -139.8000 -132.8100 1 42 -154.2000 -81.7000 2 57 -133.7500 -47.7300
9.6336294670e-01 4.3368213065e-01 -2.9491051454e+00
22 21 23
2 7 37 201.7200 86.7100 1 51 234.2600 112.3600
-6.5327029256e-02 -5.4581622503e-01 -2.6118179384e+00
17 17 15
7 7 40 -19.5200 -133.7400 0 44 10.7300 -79.2900 1 41 -27.0000 -89.3800 2 53 -49.3100 -72.5900 9 35 -51.5200 -54.3200 5 21 109.8100 -66.5700 10 20 57.3000 7.7900
6.4202752387e-01 1.5260198085e-01 -2.7644103788e+00
205 223 222
2 7 49 140.5100 28.8100 1 49 160.5200 66.7700
-5.6792051268e-01 -6.8009074663e-01 -2.6853968406e+00
67 146 165
2 7 68 -130.4100 -160.4600 0 41 -107.9500 -127.2000
-4.2214946545e-01 -6.3859604111e-01 -2.6519712438e+00
93 163 103
4 7 69 -100.0000 -152.8600 0 74 -73.2100 -112.3500 1 82 -113.7800 -109.2700 5 53 26.9600 -116.7700
-4.2101646651e-01 -6.3771716801e-01 -2.6550946770e+00
93 163 103
6 7 70 -100.0000 -152.8600 0 75 -73.2100 -112.3500 1 83 -113.7800 -109.2700 2 163 -110.5700 -77.2800 9 75 -138.7100 -100.8500 5 54 26.9600 -116.7700
2.6877093131e-01 -6.0868639222e-01 -2.7813511767e+00
115 180 91
2 7 71 57.6400 -140.7500 1 60 61.7200 -114.3100
5.8485406557e-01 -6.0171700682e-01 -2.8008279436e+00
113 182 93
2 7 72 128.0300 -137.9900 1 81 141.6500 -117.5800
-3.1994890861e-01 -2.6986372690e-01 -2.5729348558e+00
16 16 14
2 7 76 -80.0100 -70.3600 1 96 -86.2600 -15.6300
9.3359795177e-02 5.8757147507e-01 -2.6578258383e+00
125 131 130
2 7 83 17.8000 128.4600 0 134 14.2400 160.8500
2.5092017376e-01 -8.0993431808e-01 -2.6187999706e+00
244 254 98
2 7 90 54.8200 -194.9200 1 111 50.2800 -164.5400
2.7641141439e-01 -7.5934781607e-01 -2.6096833474e+00
23 24 16
2 7 96 61.1800 -183.5800 1 77 57.2800 -151.1700
-3.9377190813e-01 -3.7988958626e-01 -2.5875202849e+00
88 174 118
4 7 103 -96.3900 -95.5000 0 78 -72.0400 -46.3000 1 89 -105.7800 -42.5300 2 117 -95.8300 -24.3300
5.3963602325e-01 3.9582606473e-01 -2.7541648575e+00
205 225 220
2 7 118 117.3700 83.2100 1 139 136.6800 122.0900
-7.9228263830e-02 5.4739183616e-01 -2.6453392708e+00
153 149 141
3 7 120 -22.9500 119.7800 0 132 -20.2300 151.6800 1 144 -8.7600 163.8000
-6.2911381705e-01 -8.1159868967e-01 -2.7654473045e+00
112 121 128
2 7 126 -139.9500 -184.9500 0 105 -118.2900 -163.1900
5.8109144808e-01 -7.0045581191e-01 -2.7138167735e+00
16 19 12
2 7 129 130.0200 -163.9800 1 113 140.2900 -141.8400
6.2164447634e-01 -3.8186538537e-02 -2.9055921358e+00
112 184 93
2 7 143 131.4900 -13.5600 1 128 153.8100 13.3800
-6.5879120164e-01 5.2794348424e-01 -2.5277104892e+00
146 141 139
2 7 156 -161.7600 117.8400 0 259 -150.5600 151.7500
-2.4570228289e+00 2.6977019081e+00 -8.0319153043e+00
69 45 43
2 7 159 -185.6000 214.0600 0 337 -236.2700 69.7300
-2.1840547008e-01 -7.9728942672e-01 -2.6608030156e+00
110 111 106
2 7 168 -53.4900 -189.1800 1 315 -67.5400 -152.8000
6.0165373423e-01 -7.8129308578e-01 -2.7386019040e+00
18 18 14
2 7 170 132.4500 -181.4500 1 219 146.4100 -163.5900
-3.9379334828e-01 -6.8044270384e-01 -2.6745775783e+00
30 41 25
6 7 175 -91.8700 -161.0800 0 215 -64.9900 -122.5800 1 229 -106.6600 -120.6600 2 230 -108.2800 -87.6900 9 146 -131.5100 -113.5600 5 150 34.8000 -127.1800
-6.0073923471e-03 -4.6561133419e-01 -2.6028168320e+00
205 207 204
6 7 180 -5.9400 -114.9200 0 153 24.1900 -58.1800 1 171 -11.6600 -69.0100 2 166 -35.7800 -57.9400 9 110 -34.3800 -29.9200 3 166 -58.2900 -32.2100
7.2779951203e-02 -4.5410983541e-01 -2.6254851360e+00
214 213 210
4 7 181 13.4300 -111.8200 0 221 41.2100 -54.9500 2 233 -17.9800 -60.6900 3 230 -43.4800 -37.2000
-3.7586815216e-01 -2.3040071960e-01 -2.5548491073e+00
98 113 105
3 7 192 -93.6900 -61.3800 0 228 -71.2700 -8.9400 1 246 -100.1400 -4.5800
7.4984031774e-01 -6.9142940352e-02 -3.0259434325e+00
66 55 44
2 7 197 154.5000 -19.4800 1 187 182.6100 -1.3100
7.7886267891e-01 -3.6609805323e-02 -3.0078852391e+00
175 182 174
4 7 198 161.0600 -13.1800 1 247 189.1100 7.1700 2 238 182.1200 -30.9700 9 172 200.2200 39.2100
5.1865438264e-01 7.8643443168e-02 -2.9437175684e+00
79 136 67
2 7 201 108.2100 11.1100 1 191 130.1300 37.3000
-2.4298564635e-01 3.8729287438e-01 -2.6048486762e+00
64 51 41
2 7 208 -60.9800 83.4500 0 250 -53.2400 122.3100
-2.3779137941e-01 4.6824535605e-01 -2.6108051009e+00
194 197 191
4 7 210 -59.9200 101.5600 0 352 -53.4100 137.9400 1 266 -47.6100 149.1800 5 283 -8.8100 166.5700
-2.3152938334e-01 5.1070700954e-01 -2.6125261961e+00
150 150 144
3 7 214 -58.8300 112.4100 0 353 -52.1800 145.8700 1 268 -45.8500 158.5700
-1.1605591977e-01 -9.3571438576e-01 -2.5052605706e+00
181 206 205
2 7 224 -32.2100 -231.5800 1 428 -56.4300 -192.4700
-1.1665856204e-01 -8.5984622562e-01 -2.5739985127e+00
40 49 48
2 7 239 -31.5300 -209.0400 1 218 -49.6200 -171.0200
8.8551228434e-01 -8.1822830419e-01 -2.6915640696e+00
60 33 16
2 7 249 200.8600 -191.3200 1 155 224.0500 -179.5400
-1.7690789039e-01 -8.0082207783e-01 -2.6460365222e+00
40 34 10
2 7 250 -43.6700 -190.5000 1 446 -59.0400 -154.6400
-4.4304346503e-01 -7.0203306847e-01 -2.6626929003e+00
93 155 92
3 7 253 -104.0000 -166.4900 0 213 -76.6100 -128.7900 1 228 -119.8700 -125.1000
-1.3892170532e-01 -5.1894759443e-01 -2.5851536700e+00
208 183 42
6 7 256 -36.6900 -129.0400 0 301 -6.5400 -73.4900 1 326 -47.1800 -81.0400 2 398 -65.1200 -61.5000 9 234 -73.1000 -47.6700 5 342 91.5700 -62.5600
-1.4226318329e-01 -4.7171373221e-01 -2.5676125475e+00
202 200 194
5 7 258 -38.1600 -117.3800 1 334 -48.1900 -67.9800 2 401 -64.2600 -51.1500 9 336 -75.0300 -33.3100 10 285 33.7800 30.8600
-1.4668157803e-01 -3.7298457534e-01 -2.5340697923e+00
205 207 200
6 7 265 -39.9400 -95.7200 0 313 -11.8600 -35.7600 1 242 -49.1500 -40.7100 9 246 -77.4800 -5.5800 5 231 83.7700 -23.6900 3 439 -76.7500 3.0300
-1.2411766494e-01 -3.3936558058e-01 -2.5280454251e+00
189 189 194
6 7 267 -34.7500 -87.8700 0 316 -7.2500 -26.7400 1 345 -43.2400 -32.4400 2 310 -55.2100 -21.4500 9 249 -71.4300 4.0400 5 236 87.0600 -13.1600
4.4286060604e-02 -3.0490631725e-01 -2.5713302712e+00
80 5 0
6 7 269 6.0500 -78.8900 1 243 2.8800 -27.1700 2 309 -18.0700 -24.4000 9 251 -21.9400 14.2800 5 238 116.7600 0.7100 10 194 86.2400 74.3200
-4.9775707546e-01 -2.5768241728e-01 -2.5118113780e+00
99 121 98
5 7 271 -124.0100 -69.0800 0 227 -101.4700 -14.5600 1 245 -133.9200 -7.7200 9 353 -159.7300 0.9600 10 193 -67.3900 73.2300
-3.8657958793e-01 -2.6142335394e-01 -2.5554638573e+00
55 75 63
4 7 272 -96.2600 -68.7900 0 320 -73.3400 -16.5300 1 346 -103.2900 -12.1900 5 361 14.6700 -9.5700
-5.9676178748e-01 6.2955370988e-03 -2.4514899683e+00
190 207 155
3 7 289 -151.8100 -5.4600 0 333 -131.4800 48.9600 1 370 -154.8800 60.4500
-4.5560874011e-01 6.4081790115e-02 -2.5546089856e+00
222 80 135
3 7 294 -118.8500 3.9500 1 372 -105.5500 67.4800 2 460 -75.3000 65.4300
-7.9151455635e-01 1.9004388783e-01 -2.5317592538e+00
110 88 90
2 7 307 -192.0300 37.8300 1 384 -185.2500 95.5000
5.1233836508e-01 4.8593272120e-01 -2.6941859987e+00
91 102 84
2 7 319 112.8500 105.4400 1 545 130.4100 147.7700
9.0218805984e-01 6.3495367961e-01 -2.8982497615e+00
203 205 210
2 7 322 191.3600 131.2100 1 267 220.2800 158.9200
-1.2247043961e-01 -4.8799312446e-01 -2.5755554217e+00
42 16 15
5 7 352 -33.3100 -121.5300 1 460 -43.0500 -72.3500 2 608 -60.9900 -55.7000 9 483 -69.0600 -37.4400 10 418 39.8000 26.5000
-4.1176497383e-02 -4.3283893359e-01 -2.5835084584e+00
28 28 33
6 7 357 -13.7700 -108.5100 0 450 14.5900 -50.2200 1 463 -20.9700 -59.3300 2 404 -41.6300 -48.2200 9 338 -45.3700 -21.1600 5 350 107.2400 -36.2900
-7.4901084997e-02 -4.0669900876e-01 -2.5662862393e+00
24 22 23
8 7 360 -22.1600 -102.8100 0 454 6.0400 -43.8500 1 340 -29.7400 -51.6500 2 407 -47.6200 -40.1000 9 342 -55.8300 -14.4000 5 354 99.3200 -30.8500 10 293 53.0500 48.3500 3 606 -66.4600 -11.0900
2.4174229505e-02 -4.0558037589e-01 -2.5931999138e+00
212 214 208
5 7 362 1.4200 -101.1700 0 664 29.3600 -43.7400 1 466 -3.1100 -53.6200 9 344 -26.3000 -12.4500 10 292 82.6200 47.3800
-6.5420410570e-02 -3.8036064019e-01 -2.5597366426e+00
25 25 24
5 7 363 -19.9600 -96.9500 0 458 7.6500 -36.8500 1 342 -27.1400 -44.7600 2 411 -44.4900 -34.3800 9 346 -53.6200 -6.9000
-2.8231197387e-02 -3.7508805631e-01 -2.5690674364e+00
30 28 29
5 7 364 -11.0900 -95.4300 0 461 16.2500 -35.3500 1 470 -17.0600 -44.0600 2 408 -36.5900 -35.6700 9 347 -42.5800 -5.0000
-2.8469139309e-02 -3.7440140087e-01 -2.5695804580e+00
30 28 29
6 7 365 -11.0900 -95.4300 0 462 16.2500 -35.3500 1 471 -17.0600 -44.0600 2 409 -36.5900 -35.6700 9 348 -42.5800 -5.0000 3 610 -56.7600 -7.5200
-1.8673525626e-02 -3.2992043754e-01 -2.5596041931e+00
216 213 211
8 7 369 -8.9500 -84.8700 0 467 17.4400 -24.0900 1 478 -14.4700 -32.2200 2 416 -32.7900 -26.0500 9 354 -40.0900 7.3500 5 554 106.5100 -7.9900 10 302 68.3000 68.0600 3 616 -52.8500 1.8000
4.7267543401e-03 -3.2316444667e-01 -2.5654060000e+00
42 18 15
5 7 370 -3.3800 -83.0000 0 469 22.9000 -22.5300 1 482 -8.1000 -30.9800 2 414 -27.2300 -25.9300 9 357 -33.3200 9.1300
4.5323757873e-03 -3.2304428970e-01 -2.5665069521e+00
42 18 15
5 7 371 -3.3800 -83.0000 1 483 -8.1000 -30.9800 2 415 -27.2300 -25.9300 9 358 -33.3200 9.1300 10 305 75.0600 68.9900
-3.4567502592e-01 -2.0349756711e-01 -2.5584494075e+00
59 73 64
2 7 379 -86.4500 -54.8500 1 500 -92.0600 1.4500
8.1476788779e-01 6.4397441595e-03 -2.9724071104e+00
214 224 216
6 7 392 170.1500 -3.9000 0 493 168.2200 34.4600 1 357 198.9500 18.3600 2 311 190.3700 -20.4600 9 376 205.5500 55.1700 10 313 284.0000 86.3900
-1.1033392464e-02 2.8263480364e-02 -2.7211918047e+00
109 201 215
2 7 393 -5.6800 0.1000 0 500 6.3100 42.6100
7.7553585849e-01 3.0750885692e-02 -2.9587294705e+00
202 207 202
2 7 394 162.4400 1.2800 0 495 160.5800 39.3100
8.0253539566e-01 3.5112792040e-02 -2.9540849991e+00
75 67 52
2 7 395 167.7300 2.5300 0 497 166.6200 40.7400
6.3390954765e-01 2.2827118234e-01 -2.7817369331e+00
111 116 99
3 7 405 137.9600 45.4400 0 706 134.5300 88.7000 5 852 168.4500 120.2200
-7.1192391704e-01 2.6337554301e-01 -2.4883578764e+00
146 135 141
3 7 408 -177.0500 56.0400 0 525 -161.4700 100.0400 5 270 -104.9600 117.1900
2.3892661991e-01 -7.5601060887e-01 -2.6108141958e+00
124 127 116
2 7 473 52.3500 -182.7400 1 447 47.3500 -149.6000
5.8916411272e-01 -7.5371867267e-01 -2.7311348693e+00
124 137 129
2 7 476 130.7900 -175.2700 1 444 142.4800 -156.2500
-6.2337002677e-01 -6.9173992639e-01 -2.6604590296e+00
172 73 97
4 7 479 -144.4300 -163.9400 0 627 -121.7000 -130.9300 1 616 -161.7100 -119.7000 2 1071 -144.6200 -78.7900
-4.4345623319e-01 -5.7607953405e-01 -2.6243853571e+00
97 158 106
6 7 484 -105.6100 -139.3200 0 635 -79.9400 -96.4900 1 635 -119.8900 -92.4100 2 603 -114.0100 -62.2500 9 467 -146.2500 -83.1500 5 525 19.2000 -100.9100
-7.4632452307e-02 -4.7964592598e-01 -2.5882461987e+00
210 215 208
4 7 490 -21.6900 -119.2500 0 649 7.7400 -62.0000 1 462 -29.9400 -71.6700 2 607 -50.4000 -56.6500
9.8931268744e-02 -4.8246923945e-01 -2.6426594250e+00
50 6 7
4 7 492 19.5200 -117.0300 1 331 16.1100 -76.8400 9 334 -1.7700 -34.8100 10 415 108.5800 24.0300
7.7429028478e-02 -4.6842687694e-01 -2.6311236289e+00
209 214 207
7 7 494 13.9800 -114.8000 0 651 43.1000 -58.5400 1 461 10.8400 -71.9000 2 600 -17.5000 -64.3600 9 486 -9.1000 -30.4100 5 537 130.4900 -41.3900 10 284 101.4900 28.1500
1.0012885789e-01 -4.5413284254e-01 -2.6333594524e+00
56 9 5
6 7 496 19.3900 -111.6500 0 652 47.3300 -55.0700 2 602 -12.2500 -62.6700 9 488 -1.8700 -25.9200 10 419 107.6600 32.2300 3 585 -38.2200 -40.3300
9.8634265433e-02 -4.3732269657e-01 -2.6302089662e+00
55 6 1
5 7 497 19.1500 -107.9900 0 658 46.7700 -50.5600 1 646 16.7200 -64.0400 2 605 -11.7400 -58.3800 9 491 -2.5000 -21.7400
5.3574604750e-02 -4.2530635517e-01 -2.6135061377e+00
26 25 28
6 7 498 8.8400 -105.9400 0 661 36.5300 -48.0100 2 612 -20.8300 -52.9200 9 492 -16.5300 -18.6300 5 544 123.5400 -30.9200 3 594 -44.7200 -28.7500
5.4560406900e-02 -4.2607449106e-01 -2.6121706132e+00
26 25 28
6 7 499 8.8400 -105.9400 0 662 36.5300 -48.0100 1 650 5.0300 -60.1000 2 613 -20.8300 -52.9200 9 493 -16.5300 -18.6300 3 596 -44.7200 -28.7500
9.3284791758e-01 -4.8640234396e-01 -3.1049549605e+00
25 23 21
2 7 502 189.0100 -103.2500 1 455 224.0200 -100.6600
-4.5715757411e-02 -3.8654107856e-01 -2.5686066633e+00
201 204 193
7 7 507 -15.0400 -98.0500 0 669 12.5600 -38.4900 1 467 -21.8300 -47.1400 2 628 -40.7600 -37.2800 9 502 -47.4000 -8.5600 5 548 104.1800 -23.4500 10 429 60.9000 53.1200
-9.9756368495e-02 -3.7995300190e-01 -2.5512506598e+00
27 30 34
8 7 509 -28.3800 -97.0700 0 671 -0.3000 -37.1300 1 668 -36.3500 -43.9200 2 632 -51.7200 -32.4600 9 504 -63.7400 -7.2200 5 549 93.1900 -23.9500 10 612 44.8300 55.7000 3 831 -69.0000 -2.7000
-8.1822772520e-03 -3.8032629394e-01 -2.5777045738e+00
215 218 212
5 7 510 -6.1900 -96.6000 0 672 21.0200 -36.6500 1 468 -11.5300 -46.6900 2 626 -32.6000 -38.2500 5 780 110.6600 -20.3700
-8.4553288772e-03 -3.8028058579e-01 -2.5789434732e+00
215 218 212
8 7 511 -6.1900 -96.6000 0 673 21.0200 -36.6500 1 469 -11.5300 -46.6900 2 627 -32.6000 -38.2500 9 506 -36.1500 -6.9200 5 781 110.6600 -20.3700 10 428 72.5500 53.6900 3 824 -53.7900 -10.6800
9.4627425059e-02 -3.5438723299e-01 -2.6038846467e+00
57 6 1
4 7 513 18.1200 -89.4900 1 671 16.0000 -41.6100 2 625 -9.0800 -38.9000 9 508 -5.6600 1.1900
-7.6895049911e-02 -3.3747459930e-01 -2.5420718975e+00
207 212 208
2 7 516 -23.1300 -87.0300 1 677 -30.2600 -32.8500
-7.7326145387e-02 -3.3842988654e-01 -2.5435096480e+00
207 212 208
7 7 517 -23.1300 -87.0300 0 675 3.9100 -26.1800 1 678 -30.2600 -32.8500 2 855 -45.3400 -24.1900 9 662 -57.5900 4.5800 5 785 96.1100 -12.6000 10 619 50.3000 67.2200
-4.9417679715e-01 -3.3256502134e-01 -2.5278073522e+00
39 53 39
2 7 518 -122.5400 -86.1500 1 684 -133.5900 -27.3400
7.1773206238e-02 -3.3630502785e-01 -2.5889683412e+00
243 42 29
7 7 519 12.5800 -85.0200 0 677 38.5400 -25.7200 1 475 9.8600 -35.9000 2 631 -13.4800 -33.3900 9 509 -13.2700 7.0700 5 789 123.6700 -7.7100 3 607 -36.9300 -9.0100
7.1793725990e-02 -3.3466292616e-01 -2.5880294021e+00
243 42 29
3 7 520 12.5800 -85.0200 1 476 9.8600 -35.9000 9 510 -13.2700 7.0700
-2.7425237003e-02 -3.3099440969e-01 -2.5544811498e+00
208 216 209
4 7 522 -10.7000 -85.0700 1 680 -16.8800 -32.1500 2 854 -34.7600 -25.4400 9 665 -43.4600 7.1700
2.8435436541e-02 -3.2234404816e-01 -2.5713013758e+00
240 43 42
6 7 526 2.4200 -82.9100 0 679 28.3200 -22.1800 1 682 -1.6900 -31.3700 2 637 -22.2300 -27.2000 5 791 115.0300 -4.7500 3 836 -43.9900 -0.6400
6.9736154758e-02 -3.1515810669e-01 -2.5826381021e+00
242 42 33
4 7 529 12.1100 -80.6300 0 680 37.4200 -20.0800 1 481 9.4500 -30.8500 2 635 -12.9600 -28.1700
6.9656279386e-02 -3.1475603977e-01 -2.5822161706e+00
242 42 33
3 7 530 12.1100 -80.6300 0 681 37.4200 -20.0800 2 636 -12.9600 -28.1700
8.5761142732e-02 -3.0033612114e-01 -2.5838944500e+00
56 9 0
4 7 533 15.8700 -77.1700 0 683 40.9200 -16.5300 2 639 -8.6600 -25.8100 9 513 -9.7100 15.9700
-6.8924467811e-01 -1.4386668723e-01 -2.4584764122e+00
189 118 137
6 7 544 -173.1100 -42.1700 0 691 -152.2300 11.8800 1 698 -180.4200 24.5400 2 1179 -138.5800 39.9100 9 673 -203.0800 21.1300 5 560 -66.9800 12.9900
9.3357750879e-01 2.1373600401e-01 -2.9964239859e+00
53 52 49
3 7 560 193.2300 40.1000 0 922 181.6000 71.8200 10 649 299.8000 121.1100
5.7662099056e-01 3.8068723026e-01 -2.7481730897e+00
211 225 223
2 7 573 125.9200 79.9800 0 712 119.1100 119.6300
-6.8561567564e-01 4.3650969060e-01 -2.5147759613e+00
42 24 21
2 7 579 -169.1500 96.7100 0 720 -155.9800 134.0800
-7.0204810563e-01 4.6726689486e-01 -2.5341934795e+00
99 80 78
2 7 584 -171.7800 103.2700 0 722 -159.3000 137.8500
-9.7962579515e-02 5.7336053266e-01 -2.6178949334e+00
141 140 135
7 7 588 -27.6000 127.4500 0 725 -24.8700 159.4200 1 734 -13.9600 172.7600 2 906 22.2400 143.5800 9 707 -35.8200 148.0600 5 618 15.4500 190.3900 10 682 43.8500 203.4200
-9.6934889259e-02 5.7490814222e-01 -2.6200176243e+00
141 140 135
5 7 589 -27.6000 127.4500 0 726 -24.8700 159.4200 1 733 -13.9600 172.7600 5 619 15.4500 190.3900 10 683 43.8500 203.4200
-9.5853811420e-02 -8.2105803768e-01 -2.6253518121e+00
61 38 1
3 7 631 -25.5100 -196.1000 0 809 12.4700 -148.2000 1 808 -40.8000 -161.4200
1.8783275436e+00 -1.2224450942e+00 -4.5561103270e+00
83 79 81
2 7 640 276.6500 -178.0600 0 753 285.3100 -202.6100
-4.3406527586e-01 -7.2852532829e-01 -2.6736261434e+00
41 73 48
6 7 642 -101.3700 -172.0700 0 818 -73.9400 -135.4500 1 832 -117.6000 -132.2600 2 1053 -117.8800 -95.3800 9 589 -143.8300 -127.3800 5 719 28.9900 -142.7100
-6.0603559014e-01 -7.0905545510e-01 -2.6688060038e+00
154 30 59
2 7 644 -140.0300 -167.5200 1 836 -157.5100 -124.4400
1.4112918553e-01 -7.0606941553e-01 -2.7330357124e+00
209 54 37
2 7 645 29.3500 -164.6500 1 831 26.9700 -136.3000
-6.1304603516e-01 -6.4546441382e-01 -2.6501073099e+00
155 30 60
3 7 647 -142.9400 -153.9500 0 630 -120.1000 -118.6700 5 507 -20.8600 -132.8000
1.4419424962e+00 -1.0454615696e+00 -4.7075456170e+00
99 85 91
2 7 652 209.3100 -149.2600 1 755 276.4900 -222.6800
1.4419424962e+00 -1.0454615696e+00 -4.7075456170e+00
99 85 91
2 7 653 209.3100 -149.2600 1 756 276.4900 -222.6800
-4.5288884033e-01 -5.9554621814e-01 -2.6263851807e+00
107 164 113
4 7 656 -107.6800 -143.7600 1 854 -122.5900 -97.4400 2 1079 -116.6600 -65.8900 9 602 -149.1400 -88.6000
7.6509579307e-02 -5.6059667442e-01 -2.6604650956e+00
154 122 119
6 7 661 14.3400 -134.9900 0 837 44.4500 -81.5900 1 857 10.5000 -96.5900 2 797 -21.6400 -85.5700 9 609 -6.6400 -57.2900 10 557 103.7700 1.2100
-6.3320895589e-01 -4.7483894919e-01 -2.5864622028e+00
149 42 81
4 7 669 -151.2500 -117.7200 0 840 -129.5000 -74.7000 1 883 -164.9000 -63.6400 5 529 -34.8400 -84.2500
-3.6147361294e-02 -4.7191923816e-01 -2.5966805651e+00
21 20 16
8 7 671 -12.5400 -116.6900 0 843 16.6900 -60.0600 1 873 -19.5400 -70.2300 2 1094 -42.1900 -57.7500 9 618 -43.3200 -31.9200 5 1023 109.8700 -47.1000 10 571 66.0800 29.9100 3 1105 -63.4300 -30.7600
-3.5885558276e-02 -4.7163267614e-01 -2.5962563758e+00
21 20 16
7 7 672 -12.5400 -116.6900 0 844 16.6900 -60.0600 1 643 -19.5600 -70.0300 2 1095 -42.1900 -57.7500 9 619 -43.3200 -31.9200 10 572 66.0800 29.9100 3 1106 -63.4300 -30.7600
-7.7530853784e-02 -4.5375853042e-01 -2.5797824853e+00
208 209 200
5 7 674 -22.4900 -113.2800 0 850 6.4100 -55.8400 1 878 -30.4600 -64.4300 2 822 -50.1300 -50.6500 9 622 -55.9900 -27.5000
3.6292326695e-02 -4.5496191493e-01 -2.6163511582e+00
19 15 16
4 7 675 4.6100 -112.2000 1 644 0.0600 -67.4300 2 811 -25.9400 -58.5800 10 575 88.1400 32.2900
3.6292326695e-02 -4.5496191493e-01 -2.6163511582e+00
19 15 16
4 7 676 4.6100 -112.2000 1 645 0.0600 -67.4300 2 810 -25.9400 -58.5800 10 576 88.1400 32.2900
-5.2338615561e-02 -4.4847993458e-01 -2.5865031619e+00
212 217 212
6 7 677 -16.4300 -112.1400 0 851 12.4000 -54.3400 1 880 -23.7900 -63.6500 9 624 -48.4600 -26.0000 5 1031 105.5800 -40.6100 10 578 60.6700 35.8900
-5.2239528795e-02 -4.4906984778e-01 -2.5857840709e+00
212 217 212
6 7 678 -16.4300 -112.1400 0 852 12.4000 -54.3400 1 881 -23.7900 -63.6500 2 1108 -44.6200 -51.0700 9 625 -48.4600 -26.0000 10 579 60.6700 35.8900
-6.8391099280e-02 -4.4148114096e-01 -2.5787308045e+00
18 17 23
6 7 680 -20.3500 -110.6300 0 653 8.3100 -52.7000 1 648 -28.0800 -61.2100 2 827 -47.6600 -48.4400 9 629 -53.3000 -24.0100 3 812 -67.2000 -20.0400
-6.8391099280e-02 -4.4148114096e-01 -2.5787308045e+00
18 17 23
6 7 681 -20.3500 -110.6300 0 654 8.3100 -52.7000 1 649 -28.0800 -61.2100 2 828 -47.6600 -48.4400 9 630 -53.3000 -24.0100 3 813 -67.2000 -20.0400
1.5678144628e+00 -7.9889224842e-01 -4.9907933293e+00
122 118 123
2 7 684 216.3400 -109.3400 1 777 287.1800 -182.9600
2.2092571345e-02 -4.3941883469e-01 -2.6057086630e+00
214 214 207
6 7 685 1.2100 -109.2600 0 855 29.6400 -51.3100 1 647 -3.7600 -62.8200 2 817 -28.2800 -53.7300 9 634 -26.2600 -22.6400 10 582 83.2100 37.0200
-1.1016772643e-01 -4.3229177758e-01 -2.5625259244e+00
211 211 203
3 7 687 -30.5700 -108.8300 0 856 -1.6900 -50.7300 9 637 -66.1500 -21.5800
-1.4174229403e-02 -4.3175213820e-01 -2.5924657553e+00
17 20 23
8 7 690 -7.4400 -107.8900 0 858 20.8900 -49.8500 1 889 -13.4000 -59.9300 2 824 -35.8800 -49.6900 9 639 -37.3200 -20.6500 5 767 111.9400 -35.0200 10 798 72.2900 39.8100 3 1113 -57.4400 -23.1500
-8.3595690458e-02 -4.2786157045e-01 -2.5694428314e+00
209 215 208
6 7 691 -24.1100 -107.4300 0 859 4.5800 -49.3200 1 893 -32.2100 -57.1100 2 833 -50.3300 -44.2700 9 641 -58.2100 -20.0400 5 1037 98.8700 -36.9000
-8.3503909368e-02 -4.2759156024e-01 -2.5690740786e+00
209 215 208
6 7 692 -24.1100 -107.4300 0 860 4.5800 -49.3200 1 894 -32.2100 -57.1100 2 834 -50.3300 -44.2700 9 642 -58.2100 -20.0400 10 597 50.4100 42.7700
-7.9841055561e-03 -4.1791164867e-01 -2.5892101196e+00
221 224 220
8 7 693 -6.1000 -104.3800 0 864 22.1000 -46.3600 1 896 -11.7500 -56.3000 2 1111 -33.9500 -46.9500 9 646 -35.6700 -16.4300 5 1046 112.6800 -31.3700 10 804 73.3400 44.0900 3 1116 -55.7100 -20.8300
5.4185199643e-02 -4.0937316183e-01 -2.6046108187e+00
215 222 219
5 7 700 7.9200 -102.3100 0 665 36.0000 -43.8300 1 658 4.7100 -55.5100 9 498 -16.6500 -13.4100 10 424 92.5100 45.4800
8.3181318849e-02 -4.0360152005e-01 -2.6143607179e+00
216 219 215
7 7 701 15.5200 -100.3400 0 870 42.6700 -42.4300 1 898 12.8300 -54.7300 2 823 -13.5300 -49.7200 9 651 -8.1300 -11.9300 5 1058 128.4200 -24.8600 10 603 100.7200 46.0700
-8.6323345502e-02 -3.8858302564e-01 -2.5573172651e+00
213 220 214
8 7 704 -25.0800 -98.8900 0 873 3.0000 -39.2700 1 901 -32.7700 -46.5800 2 841 -49.2900 -35.2900 9 653 -59.5000 -9.5900 5 1056 96.5400 -25.5600 10 607 48.7800 53.2300 3 1137 -67.3700 -5.8700
2.6086238973e-02 -3.7269036207e-01 -2.5869815854e+00
224 227 223
8 7 706 2.0000 -94.3800 0 874 28.9300 -34.7700 1 666 -2.3400 -45.1400 2 838 -24.7800 -38.8100 9 654 -26.1000 -4.2100 5 1060 116.7800 -17.6300 10 608 82.6200 55.4300 3 1127 -47.0900 -12.7700
-8.8804823381e-02 -3.6509256054e-01 -2.5449801085e+00
208 212 206
4 7 709 -25.6500 -93.1600 0 877 2.3900 -33.0600 5 782 95.6600 -19.2300 10 614 46.3800 60.4300
6.8812560641e-02 -3.5482551276e-01 -2.5963295371e+00
25 19 16
8 7 714 11.9600 -89.8900 0 880 38.3500 -30.2300 1 672 9.2200 -41.3900 2 840 -14.7200 -37.5900 9 658 -13.5700 1.0900 5 786 123.3000 -12.0900 10 613 95.2600 59.3900 3 821 -37.9200 -13.1900
-2.8401849763e-02 -3.3091220368e-01 -2.5551662670e+00
206 214 208
4 7 720 -11.4400 -85.2500 1 679 -16.8800 -32.1500 2 853 -34.7600 -25.4400 9 664 -43.4600 7.1700
8.7183292744e-02 -3.2646372672e-01 -2.5921781626e+00
115 7 5
6 7 722 16.2900 -82.8300 0 1160 41.8000 -23.2700 1 913 14.2100 -34.0000 2 849 -9.5700 -31.8500 9 835 -8.7500 9.1700 5 1072 125.8400 -4.4400
8.7183292744e-02 -3.2646372672e-01 -2.5921781626e+00
115 7 5
6 7 723 16.2900 -82.8300 0 1161 41.8000 -23.2700 1 914 14.2100 -34.0000 2 850 -9.5700 -31.8500 9 836 -8.7500 9.1700 5 1073 125.8400 -4.4400
2.4071872198e+00 -6.0977063831e-01 -5.2409367451e+00
58 57 58
2 7 724 312.1200 -79.7500 0 1071 292.0600 -118.4100
6.5806794078e-01 1.8336068938e-02 -2.8503301178e+00
117 128 100
5 7 750 141.3800 -1.9300 0 909 143.3500 42.9000 1 699 163.3000 29.7500 2 870 150.1100 -2.1800 9 535 158.6300 68.6500
6.3163144103e-01 5.9121958882e-02 -2.8211886065e+00
163 176 162
4 7 753 136.3200 7.3800 0 916 138.4200 52.7300 1 701 157.2300 41.3200 10 647 236.3600 116.3700
6.3814172889e-01 8.4112317949e-02 -2.7986608825e+00
192 204 195
4 7 754 138.5600 13.1400 0 1199 139.9700 59.2200 1 938 159.0700 48.5200 5 844 177.5300 90.7200
5.9091473271e-01 3.3462237909e-01 -2.7582036765e+00
171 183 169
5 7 762 128.9300 69.5000 0 938 123.3100 110.2400 1 716 148.4500 108.5000 9 705 128.0100 134.0800 10 664 213.5600 170.6500
-3.4781239527e-02 3.6303093634e-01 -2.6395855587e+00
153 141 132
3 7 766 -12.5200 77.6800 0 942 -6.4000 117.0800 5 859 42.0100 144.5300
-3.4781239527e-02 3.6303093634e-01 -2.6395855587e+00
153 141 132
3 7 767 -12.5200 77.6800 0 943 -6.4000 117.0800 5 860 42.0100 144.5300
1.9016848788e-01 3.6020972714e-01 -2.6313090576e+00
28 36 45
4 7 768 39.6900 77.9800 0 948 42.7800 121.2600 1 950 50.7800 125.7800 5 865 90.4100 150.7400
-6.2592645488e-02 3.9895879256e-01 -2.6224414712e+00
123 119 115
3 7 772 -19.3700 86.6300 0 952 -13.2100 125.5400 5 609 35.0400 153.3600
-6.7420496375e-01 3.9174090651e-01 -2.5042435260e+00
58 36 32
3 7 775 -167.2500 86.4500 0 715 -153.1100 126.1200 5 418 -104.5000 148.7500
-2.4666517584e-01 4.3337390587e-01 -2.6060604110e+00
89 81 76
2 7 780 -62.3800 94.4000 1 1279 -51.0100 142.9900
-2.4197475597e-01 5.0644951675e-01 -2.6151446390e+00
136 133 125
2 7 783 -60.9800 111.0700 1 961 -48.0100 157.6300
-6.6278033259e-01 5.5200310734e-01 -2.5235995750e+00
136 122 126
2 7 784 -163.4500 123.8500 0 961 -151.3500 156.8000
-2.5286111551e-01 -8.8612902809e-01 -2.5457838134e+00
16 16 15
3 7 814 -63.7900 -216.5600 0 1027 -24.8500 -167.5200 1 1056 -87.8500 -175.6900
-2.9766967244e-01 -8.3385775186e-01 -2.5503896033e+00
153 184 220
2 7 821 -74.2700 -203.8700 1 1069 -97.5200 -160.5500
1.1843047915e-01 -8.0484797051e-01 -2.5911614831e+00
178 200 84
3 7 836 24.0200 -195.1200 0 1060 65.4100 -136.9600 1 1068 13.7500 -160.8100
1.0398738123e-01 -8.0237455751e-01 -2.5909553863e+00
169 189 85
3 7 837 20.6600 -194.5100 0 1061 61.7900 -136.7500 1 1070 9.9100 -159.8700
-3.5951679147e-01 -6.5220782181e-01 -2.6828668527e+00
89 126 90
5 7 884 -84.3700 -154.5200 0 1079 -57.3600 -115.0300 1 843 -97.3200 -114.2500 9 767 -120.7800 -106.0000 10 538 -22.9600 -40.1700
-4.3914764107e-01 -5.8885989293e-01 -2.6313679183e+00
23 70 32
4 7 893 -104.4900 -142.5700 0 1085 -78.4600 -99.6900 1 1124 -118.5700 -95.6800 10 769 -48.8800 -18.8900
-4.7832377392e-02 -5.7954353582e-01 -2.6279363044e+00
156 115 107
7 7 894 -14.6900 -140.5500 0 1098 16.4000 -87.6300 1 847 -23.0300 -98.7700 2 1067 -48.8500 -81.4500 9 776 -44.8900 -63.7200 10 553 65.2600 -1.9900 3 1089 -70.8600 -54.6800
-2.7220995380e-02 -5.7538640961e-01 -2.6329520210e+00
167 128 128
5 7 896 -9.9400 -139.5100 0 1104 21.1600 -86.2600 1 850 -17.4700 -98.2100 2 1064 -44.3600 -81.8300 9 777 -38.7000 -62.3800
-8.2910515731e-03 -5.7231313280e-01 -2.6367850682e+00
168 133 128
4 7 897 -5.5000 -138.6800 0 1105 25.4600 -85.2600 1 849 -12.4800 -97.8000 9 779 -32.9300 -61.1500
-4.2717906640e-01 -5.6975596038e-01 -2.6283225774e+00
28 60 29
6 7 900 -101.9600 -138.0900 0 1087 -76.1100 -94.7100 1 862 -115.6000 -91.2000 2 1089 -110.4500 -61.8900 9 772 -141.4500 -81.5400 10 773 -45.0900 -13.3100
4.2114745455e-02 -5.6493175535e-01 -2.6505099398e+00
165 133 134
4 7 904 6.1900 -136.4200 0 1109 36.9800 -82.8900 1 855 1.0700 -96.8800 9 785 -17.3700 -58.7600
9.4493075353e-02 -5.5731128522e-01 -2.6667130535e+00
178 140 137
8 7 907 18.5500 -134.1100 0 838 48.7000 -80.5900 1 858 15.2700 -96.1700 2 1058 -17.4400 -86.2800 9 610 -0.8700 -56.4400 5 1013 136.7100 -63.6400 10 558 109.2600 1.5700 3 1082 -44.7500 -64.9900
-8.9151021855e-02 -4.6407440804e-01 -2.5795785702e+00
31 27 26
3 7 925 -25.3800 -115.8600 1 875 -33.9000 -66.8900 9 808 -59.1300 -30.4700
-9.0056299006e-02 -4.6444691353e-01 -2.5808107181e+00
31 27 26
4 7 926 -25.3800 -115.8600 0 848 3.6200 -58.9000 1 876 -33.9000 -66.8900 5 1026 99.2100 -46.7700
8.8570219100e-02 -4.6797895931e-01 -2.6363590074e+00
212 218 212
7 7 930 16.9600 -114.5300 0 1124 45.2300 -58.3200 1 872 13.9300 -72.0600 2 1082 -15.0700 -64.9700 9 807 -4.8900 -30.3200 10 791 104.4400 27.4600 3 1096 -41.0800 -42.6700
-6.3546780114e-01 -4.5659257047e-01 -2.5770829184e+00
25 107 130
2 7 931 -152.3900 -113.6300 1 1145 -165.8000 -58.9400
1.4805011113e+00 -8.1699351877e-01 -4.9568461307e+00
94 81 85
2 7 933 206.0100 -112.4600 1 1044 274.4300 -184.8700
-2.3729790501e-02 -4.4442126992e-01 -2.5933281016e+00
212 215 210
6 7 934 -9.6500 -110.7300 0 853 19.0100 -53.0200 1 884 -16.0700 -63.0600 2 1107 -38.4400 -51.8700 9 627 -39.9300 -24.4300 10 580 69.3900 36.5000
-1.8591089646e-03 -4.4067101547e-01 -2.5985833637e+00
210 212 211
4 7 937 -4.3500 -109.6800 0 1129 24.0400 -51.8900 2 1103 -33.5500 -52.4700 9 811 -33.4800 -23.3200
-6.0968818324e-02 -4.2566967508e-01 -2.5750803325e+00
210 211 210
6 7 941 -18.7500 -106.8200 0 1131 9.7200 -48.6500 1 895 -26.1100 -57.0700 2 1114 -45.5700 -45.3600 9 816 -51.5100 -19.3000 10 595 57.4200 43.0100
8.6658265305e-02 -4.2689496253e-01 -2.6229257381e+00
178 183 176
3 7 946 16.3800 -105.6200 0 1133 43.8800 -48.1400 9 817 -6.5200 -18.7200
8.6883229741e-02 -4.2714676410e-01 -2.6227954245e+00
178 183 176
6 7 947 16.3800 -105.6200 0 1134 43.8800 -48.1400 1 1140 13.7500 -61.1900 2 1099 -13.9000 -55.3700 9 818 -6.5200 -18.7200 10 1033 102.7700 39.1800
-2.6704437420e-02 -4.2162249686e-01 -2.5840167085e+00
217 216 214
5 7 948 -10.5300 -105.6100 0 1135 17.7500 -47.4800 1 897 -16.8600 -56.8000 9 819 -41.2800 -17.7500 10 803 67.7100 43.4500
3.9083287392e-02 -4.2263473566e-01 -2.6051128863e+00
25 16 23
6 7 949 5.1700 -105.1500 0 862 32.8000 -47.2500 1 890 0.8500 -58.6600 2 820 -24.2700 -51.0500 9 644 -21.0900 -17.6400 3 802 -47.8100 -26.2900
3.8966530742e-02 -4.2261678714e-01 -2.6052000165e+00
25 16 23
7 7 950 5.1700 -105.1500 0 863 32.8000 -47.2500 1 891 0.8500 -58.6600 2 821 -24.2700 -51.0500 9 645 -21.0900 -17.6400 10 801 87.8900 41.6600 3 803 -47.8100 -26.2900
3.4107281336e-03 -4.0839620665e-01 -2.5909527045e+00
61 61 58
3 7 955 -3.5500 -101.9900 0 1138 24.4700 -43.8200 5 1052 114.6000 -28.5900
3.2014142057e-03 -4.0739507375e-01 -2.5930069702e+00
61 61 58
2 7 956 -3.5500 -101.9900 0 1137 24.4700 -43.8200
2.1076296486e-02 -3.3803750819e-01 -2.5736246894e+00
114 15 10
5 7 972 0.5300 -86.2800 0 1153 26.9700 -26.1000 1 1160 -3.6900 -35.4400 2 1124 -24.5200 -30.2800 9 828 -28.3700 5.5400
-1.3241115447e-03 -3.3799362905e-01 -2.5677189918e+00
52 15 13
5 7 973 -4.7800 -86.2700 1 912 -9.6500 -34.7900 2 1126 -29.3900 -28.8900 9 827 -34.8000 5.1400 5 1067 110.3700 -9.8400
-1.3054765378e-01 -3.3131360103e-01 -2.5258696315e+00
19 18 19
7 7 974 -36.2400 -86.2100 0 1158 -8.9700 -24.7600 1 916 -44.6900 -29.8400 2 1131 -56.1600 -19.1400 9 830 -73.2700 5.9300 5 1066 85.2100 -11.3200 10 822 34.1500 69.5000
-1.3042088739e-01 -3.3121700245e-01 -2.5246386592e+00
19 18 19
6 7 975 -36.2400 -86.2100 0 1157 -8.9700 -24.7600 1 917 -44.6900 -29.8400 2 1132 -56.1600 -19.1400 9 831 -73.2700 5.9300 5 1065 85.2100 -11.3200
4.5503434197e-02 -3.3343274513e-01 -2.5817668332e+00
72 8 5
7 7 976 6.4500 -85.0400 0 1156 32.7000 -24.9400 1 911 3.0000 -34.9100 2 1122 -18.8000 -31.0400 9 833 -21.2600 6.8800 10 1052 87.1000 65.7100 3 1136 -40.9300 -5.8700
-1.0667840488e-02 -3.1660786978e-01 -2.5535168502e+00
216 213 209
2 7 979 -7.3300 -81.8000 1 1163 -12.3400 -28.6700
4.0478954701e-01 -3.0226254515e-01 -2.4888725083e+00
106 179 85
2 7 982 93.4300 -79.8100 1 1175 95.4800 -24.8400
1.6816689422e+00 -5.9299538391e-01 -5.2043656978e+00
126 113 114
2 7 983 223.6100 -79.2500 1 1085 297.0300 -153.6000
4.4792033285e-02 -3.0505629087e-01 -2.5707463320e+00
98 6 0
2 7 985 6.1300 -78.5300 1 918 2.6600 -27.1900
-6.4230149912e-01 -2.9901287035e-01 -2.5242488859e+00
84 170 187
3 7 986 -157.7100 -78.2700 0 1151 -136.2800 -28.8600 5 1044 -46.4000 -32.4700
1.7448563126e+00 -5.6988147913e-01 -5.2210602877e+00
137 126 132
2 7 987 231.0100 -76.0500 1 814 305.9000 -150.9000
1.6877516567e+00 -5.6858210709e-01 -5.2291701263e+00
90 69 71
2 7 989 223.4200 -75.8800 1 1087 297.1200 -150.2000
1.7338358431e+00 -4.8485209263e-01 -5.3106526556e+00
123 111 117
2 7 998 226.4400 -64.4000 1 828 300.9000 -139.1600
-6.5334935726e-01 -2.1807848972e-01 -2.4867640768e+00
78 171 197
2 7 1001 -162.7500 -59.7000 0 1166 -141.5700 -7.4700
-3.2857826801e-01 -1.9113494886e-01 -2.5613840175e+00
194 209 199
3 7 1008 -82.2500 -51.9300 0 1172 -60.6300 0.6100 1 1198 -87.4400 4.2900
7.6087524552e-01 -5.2165967873e-02 -3.0302894354e+00
74 74 59
2 7 1024 156.4100 -16.0200 1 924 185.3200 2.2000
4.2909979708e-01 -1.0782670024e-02 -2.9462961383e+00
62 106 15
2 7 1031 89.2500 -7.9400 1 929 108.9100 17.9300
8.6910218442e-01 1.2913278596e-02 -2.9839191661e+00
213 218 213
6 7 1033 181.1300 -2.3600 0 906 177.9400 35.6400 1 930 211.5000 18.7900 2 857 203.3800 -22.2100 9 689 220.0700 57.7700 10 627 296.8400 87.4600
7.4349363420e-01 9.4239979004e-02 -2.9301267066e+00
93 91 80
4 7 1040 155.9500 14.8300 0 915 153.5000 52.7900 9 691 182.0400 74.0000 10 644 261.7600 106.5000
9.0285039154e-01 1.7894718985e-01 -2.9721426764e+00
178 173 176
2 7 1047 188.6600 32.7200 1 939 219.5800 55.8400
5.5801846484e-01 2.8848062942e-01 -2.7907055669e+00
138 155 138
2 7 1058 120.6400 58.5000 1 1236 140.4900 95.1300
5.7776967839e-01 3.2332644687e-01 -2.7616673402e+00
210 224 216
3 7 1061 125.9200 66.8000 1 1242 145.2300 105.6900 10 1102 210.6200 167.7500
5.6592187383e-01 3.3279689945e-01 -2.7614909462e+00
162 179 161
5 7 1064 123.2600 69.0800 0 937 118.0200 109.3000 1 945 142.5800 107.5000 2 1192 144.1300 72.6400 10 866 207.4900 168.5500
-7.3867454872e-01 3.5168530979e-01 -2.5487704057e+00
84 71 71
2 7 1069 -179.0800 75.4700 0 1213 -166.3400 111.9000
-6.5767983131e-01 3.9666037719e-01 -2.4950948831e+00
140 120 117
3 7 1078 -164.0500 88.1600 0 1227 -149.6500 128.4300 5 866 -99.8500 151.6000
5.4859252415e-01 4.6824958239e-01 -2.6729386266e+00
129 146 128
6 7 1089 121.7500 102.3800 0 1234 113.6500 143.3200 1 959 138.9700 146.4800 9 896 110.2200 167.3100 5 872 148.0300 176.6200 10 880 197.3700 204.6500
5.5826694614e-01 4.7391569475e-01 -2.6615132626e+00
192 209 199
2 7 1090 124.5200 103.9900 1 1283 141.4900 148.7600
1.0637407131e-01 -5.6898015128e-01 -2.6789531096e+00
91 25 8
4 8 1016 42.8800 -139.4800 0 639 51.5400 -83.3600 1 629 18.4200 -99.4100 5 753 138.7500 -66.8200
-8.5068846805e-05 -4.8024353841e-01 -2.6123796705e+00
214 215 216
5 8 1043 19.0600 -127.4300 0 1123 25.3700 -62.3300 1 871 -9.8100 -73.3300 2 1088 -34.7100 -61.8900 10 568 77.6300 26.1800
-1.5320898961e-01 -4.4588353758e-01 -2.5807175418e+00
185 150 131
4 0 18 -12.7800 -56.1200 1 21 -47.8300 -61.4400 2 37 -59.7100 -47.3300 9 22 -78.1400 -29.4800
-3.2226205641e-01 2.9042448761e-01 -2.6151927414e+00
233 238 241
3 0 22 -68.5800 99.8100 1 31 -70.2400 111.0200 2 45 -33.5400 96.4500
-3.2328017006e-01 2.9411674095e-01 -2.6236778318e+00
233 238 241
2 0 23 -68.5800 99.8100 1 32 -70.2400 111.0200
5.3649156555e-02 -8.3239044348e-01 -2.6067229996e+00
100 76 20
2 0 28 49.7400 -146.2000 1 18 -3.1100 -167.0900
3.7838863253e-01 2.2269063966e-01 -2.6460837466e+00
101 4 0
2 0 63 87.3500 96.3700 1 50 95.7500 92.8100
-1.1163147295e-01 3.5837482787e-01 -2.6651360196e+00
107 95 79
2 0 64 -22.9900 112.1100 1 75 -18.5200 121.6000
-4.1470708861e-01 -4.6643455059e-01 -2.5963147904e+00
43 41 40
2 0 77 -75.3800 -68.2100 1 88 -112.3700 -64.2200
-5.4726424969e-01 -2.2469985503e-01 -2.5127489169e+00
18 20 17
2 0 82 -113.9300 -9.2600 1 126 -144.4200 1.1700
-1.0789498657e-01 4.5873724428e-01 -2.6526477628e+00
180 185 180
2 0 93 -24.4900 133.5000 1 104 -16.3900 144.0300
-4.1196197699e-01 -9.3435141268e-01 -2.4889627861e+00
31 38 40
2 0 101 -65.4300 -184.7400 1 109 -135.0600 -185.3300
-1.9017444994e-01 4.2066574315e-01 -2.6203372029e+00
188 191 182
4 0 128 -41.4000 127.2700 1 142 -36.6300 138.1000 5 103 4.7500 156.1600 10 135 21.7300 178.8700
-3.9400580162e-01 -5.7514254203e-01 -2.6434109466e+00
41 35 32
4 0 149 -67.2000 -95.8300 1 166 -105.8300 -93.1400 9 150 -131.7800 -83.6500 10 119 -35.5600 -15.9700
-4.5479611250e-01 -2.8338471443e-01 -2.5224730032e+00
78 91 73
3 0 159 -89.6800 -20.7800 1 181 -123.3300 -14.8100 5 125 2.0000 -17.2700
-1.4373589015e-01 -2.6417076130e-01 -2.5052722122e+00
190 117 74
2 0 164 -13.8300 -8.0600 1 182 -47.7400 -11.5500
-1.4373589015e-01 -2.6417076130e-01 -2.5052722122e+00
190 117 74
2 0 165 -13.8300 -8.0600 1 183 -47.7400 -11.5500
-1.4770777846e-01 3.0069766520e-01 -2.7180472041e+00
230 240 240
2 0 182 -29.8900 95.4400 1 136 -25.0800 103.7400
-6.5206238648e-03 -7.8535511868e-01 -2.5796460700e+00
232 234 77
2 0 210 34.0600 -135.2300 1 161 -19.3300 -152.9900
-3.5052000057e-01 -5.2742067755e-01 -2.6463731734e+00
27 20 17
3 0 219 -57.4300 -83.7100 1 325 -95.0200 -82.2500 5 339 35.8100 -82.2000
-5.7462259293e-01 -1.8067108972e-01 -2.5103434101e+00
101 173 193
2 0 229 -121.6900 1.3800 1 248 -149.6000 11.3700
2.3876736473e-01 9.5986546575e-02 -2.6787541864e+00
32 58 20
2 0 240 60.3500 64.2000 1 254 60.5700 61.9500
-6.4123415748e-03 -9.0990628946e-01 -2.5163123787e+00
176 137 71
2 0 283 39.9900 -165.9000 1 212 -25.5900 -187.5200
-6.4123415748e-03 -9.0990628946e-01 -2.5163123787e+00
176 137 71
2 0 284 39.9900 -165.9000 1 213 -25.5900 -187.5200
9.2061229101e-01 -5.1868142489e-01 -3.1625084413e+00
112 104 97
2 0 299 197.1900 -74.5500 1 232 219.4700 -109.5300
-3.8798529628e-01 -2.0316625993e-01 -2.5384461637e+00
89 100 87
3 0 323 -74.8900 -1.6400 1 350 -103.6700 3.2100 2 431 -87.3700 13.4700
-3.7619287693e-01 -1.2350449020e-01 -2.5951304389e+00
175 188 202
2 0 327 -73.0600 12.5000 1 358 -94.3500 18.3300
-5.9595955125e-01 4.9434597340e-03 -2.4486015086e+00
200 207 174
2 0 332 -131.4800 48.9600 1 369 -154.8800 60.4500
-4.4792023343e-01 2.9510642316e-01 -2.8554880730e+00
94 183 215
2 0 339 -93.2500 77.2400 1 377 -82.1300 90.1800
2.5908365089e-01 1.6593168137e-01 -2.6838391020e+00
89 0 0
3 0 340 62.1900 78.5300 1 256 66.6900 77.1400 2 255 66.2800 54.5000
-5.5290323623e-01 1.5695896711e-01 -2.4914047700e+00
228 233 239
4 0 342 -122.1300 81.0800 1 528 -136.2700 91.5200 2 1200 -91.9900 86.6700 5 134 -54.9100 96.4500
-1.6733067613e-01 2.8264720257e-01 -2.7744432151e+00
230 130 162
2 0 345 -33.9700 86.6900 1 383 -26.9300 94.6200
4.5874815411e-01 -9.9730566570e-01 -2.5109164890e+00
144 147 135
3 0 401 162.0200 -174.8200 1 285 103.6700 -223.7500 2 353 1.1100 -204.5400
1.8671082640e-01 -9.4943023823e-01 -2.4975552167e+00
40 48 46
2 0 404 91.9200 -170.4400 1 421 25.8000 -203.1400
5.0526461570e-01 -9.7407836009e-01 -2.5385233086e+00
148 151 140
3 0 408 170.3200 -166.8500 1 208 117.6400 -217.4800 2 201 16.1600 -204.2600
-5.3980881172e-02 -9.0735293501e-01 -2.5204358714e+00
58 65 66
2 0 409 27.5900 -166.8800 1 300 -38.0800 -185.6100
1.0713496309e-01 -8.8512689723e-01 -2.5450589192e+00
44 57 57
2 0 417 67.1300 -156.7800 1 302 7.1400 -182.6600
-2.1343584833e-02 -8.4983739350e-01 -2.5893131442e+00
100 111 99
2 0 421 32.4200 -152.8900 1 439 -24.1000 -169.8000
-4.3668081962e-01 -5.2839857674e-01 -2.6141112329e+00
44 39 37
3 0 439 -79.4000 -84.3000 1 327 -117.6600 -79.6800 5 338 18.1300 -87.3700
-5.7562967175e-01 -3.5070944214e-01 -2.5720563252e+00
180 174 131
4 0 456 -117.3500 -42.7700 1 479 -149.0200 -33.2300 2 869 -123.2600 -10.2400 9 485 -173.1900 -31.9100
-5.9211430762e-01 -2.2606314042e-01 -2.5253088531e+00
204 110 127
4 0 472 -124.7000 -10.5100 1 498 -153.6200 -0.6700 2 655 -122.0000 16.3800 5 362 -38.7900 -9.3300
-4.5896825390e-01 -1.2816006909e-01 -2.5539648455e+00
180 82 112
3 0 482 -93.2900 12.8700 1 504 -117.1900 20.4700 2 660 -91.0100 28.5000
-3.2597046865e-01 -1.1171619671e-01 -2.6124123704e+00
189 183 196
2 0 484 -61.2800 14.7800 1 359 -81.0700 19.8200
-3.5329174515e-01 -9.9147869035e-02 -2.5961527408e+00
200 100 129
2 0 485 -68.0900 18.2400 1 361 -88.3300 23.9900
-3.9219037663e-01 3.1266472720e-01 -2.8853249650e+00
225 123 157
2 0 517 -81.5100 79.1900 1 378 -68.3300 91.1900
-6.0477906808e-01 2.4340829364e-01 -2.4749054204e+00
158 167 159
2 0 524 -136.0900 99.3900 1 719 -147.0800 113.1100
-1.5602338486e-01 4.4838822185e-01 -2.6621119140e+00
190 200 196
3 0 531 -34.4600 129.7900 1 542 -27.4600 141.1800 2 488 9.1500 116.5600
2.0223531880e-01 5.2156596754e-01 -2.6584046938e+00
170 180 173
2 0 536 40.4800 148.5400 1 200 56.3300 159.2800
1.6979098756e-01 5.1713585224e-01 -2.5902038740e+00
146 152 142
2 0 538 35.0300 155.9900 1 390 46.9600 164.6500
-4.3124428691e-01 -1.0159499618e+00 -2.4217810089e+00
107 127 125
2 0 566 -69.4000 -207.6200 1 575 -149.6300 -208.5800
5.7970381504e-01 -7.8954704356e-01 -2.7324175590e+00
145 145 136
3 0 628 166.7000 -125.5500 1 601 139.6400 -165.7700 5 743 243.2000 -93.1500
-4.2828248469e-01 -6.0675587759e-01 -2.6397350490e+00
50 69 45
5 0 633 -75.3400 -104.1400 1 627 -115.7200 -100.8300 2 803 -111.9600 -69.8100 5 523 23.7900 -108.4300 10 402 -45.1900 -24.0100
-1.4729501085e-01 -1.6455456498e-01 -2.6454681460e+00
198 199 183
2 0 688 -18.5000 4.5800 1 692 -37.9300 4.1700
3.8212398377e-01 1.9641556724e-01 -2.7155367137e+00
119 17 13
2 0 705 86.5500 83.9000 1 519 97.1300 81.4000
2.5931063069e-01 -1.0415786906e+00 -2.4095745136e+00
154 170 169
2 0 763 119.4400 -191.7800 1 746 41.7300 -234.4900
-9.4978968732e-02 -8.2218964868e-01 -2.6165797686e+00
41 33 3
2 0 810 12.4700 -148.2000 1 809 -40.8000 -161.4200
2.4029041056e-02 -7.8265562699e-01 -2.5982069875e+00
62 65 22
3 0 819 40.9400 -134.1000 1 610 -10.2200 -153.0200 2 774 -55.6100 -127.2400
2.6346777170e-02 -5.6874358584e-01 -2.6454413780e+00
166 120 115
3 0 834 33.3600 -83.9800 1 851 -3.3100 -97.4400 9 783 -22.3300 -59.7600
3.1102359931e-02 -5.6701081320e-01 -2.6507974490e+00
166 120 115
4 0 835 33.3600 -83.9800 1 852 -3.3100 -97.4400 5 751 127.9300 -68.0500 3 1084 -54.8400 -60.7800
-1.1232881796e-01 -3.9177306303e-01 -2.5487675661e+00
218 220 217
3 0 872 -3.2100 -40.2100 1 903 -39.9200 -46.7200 2 1120 -54.8800 -34.1600
-4.1432912715e-01 -2.2501806119e-01 -2.2657688554e+00
139 197 199
2 0 899 -84.5500 13.1600 1 696 -135.8200 17.2500
-5.7154920847e-01 2.6761984685e-01 -2.4577795690e+00
230 229 234
2 0 936 -128.8800 106.8700 1 1254 -140.3700 120.5600
-5.9080488851e-01 -7.2644072983e-01 -2.6786516537e+00
201 77 116
2 0 1058 -112.6000 -139.1100 1 834 -153.4900 -129.1800
7.1386896635e-02 -7.8522627170e-01 -2.5949255975e+00
217 235 127
2 0 1064 52.8600 -133.4300 1 811 1.8800 -154.5600
-3.7815408665e-01 -6.6116412761e-01 -2.6751654933e+00
86 125 78
5 0 1074 -61.9300 -117.5700 1 841 -102.5100 -115.8700 9 597 -126.7300 -107.9200 10 537 -29.1200 -41.6700 3 1094 -105.4600 -48.7300
8.8161583653e-01 -6.8230561205e-01 -2.6047282608e+00
105 136 60
2 0 1094 240.1100 -87.3200 1 1098 227.1300 -139.9700
6.8475839194e-03 -5.4462923192e-01 -2.7349432220e+00
23 19 15
3 0 1110 27.3600 -82.2300 1 860 -5.6800 -94.6900 2 1063 -23.3300 -82.5700
5.5410921628e-04 -4.8114782204e-01 -2.6102909949e+00
215 218 215
3 0 1122 25.3700 -62.3300 1 870 -9.8100 -73.3300 9 616 -32.0200 -34.2900
1.4644317743e-02 -3.8311447377e-01 -2.5859187930e+00
54 54 56
4 0 1141 26.2700 -37.0200 1 1152 -5.4500 -47.8500 9 1018 -29.4800 -6.9200 10 1042 79.4700 53.0800
1.4755393364e-02 -3.8289454819e-01 -2.5863654494e+00
54 54 56
3 0 1142 26.2700 -37.0200 1 1153 -5.4500 -47.8500 10 1043 79.4700 53.0800
-1.2390187792e-01 -3.7012881512e-01 -2.5383367706e+00
211 214 213
5 0 1144 -6.4700 -34.6800 1 1156 -43.4400 -40.5800 2 1127 -55.5200 -28.4100 9 1020 -71.5000 -4.6300 5 1059 88.7900 -21.9300
-3.1402319007e-02 -3.5646063359e-01 -2.5625109013e+00
218 204 203
5 0 1147 15.0200 -30.8600 1 907 -17.9300 -39.1400 2 1123 -36.5800 -31.2200 9 1026 -43.5100 0.2100 3 1139 -56.7100 -3.4300
2.1338322545e-02 -3.3793375348e-01 -2.5742488846e+00
126 18 9
2 0 1154 26.9700 -26.1000 1 1161 -3.6900 -35.4400
8.4757737130e-01 3.1476495272e-02 -2.9668052337e+00
213 211 202
2 0 1187 174.2500 40.0000 1 932 206.9600 24.1300
8.1402625287e-01 3.6573647610e-02 -2.9294807601e+00
209 212 207
2 0 1189 169.7300 43.1100 1 1215 199.7600 27.8500
-3.9535965421e-01 -3.8087808343e-01 -2.5907920270e+00
88 174 118
2 7 104 -96.3900 -95.5000 2 118 -95.8300 -24.3300
-7.8912971199e-02 -4.7777257026e-01 -2.5909739801e+00
210 214 208
2 7 130 -22.6800 -118.7900 2 167 -50.6300 -56.1700
-4.7744075037e-01 6.0351184675e-02 -2.5701612933e+00
222 80 135
2 7 295 -118.8500 3.9500 2 459 -75.3000 65.4300
3.0615720749e-01 -6.7196525114e-02 -2.9184130288e+00
99 147 71
3 7 386 62.9400 -19.9200 9 361 76.6000 20.0000 10 298 158.8400 65.5600
-4.2772403136e-01 -6.0571242158e-01 -2.6384747064e+00
28 59 35
2 7 482 -101.6000 -145.9500 9 465 -141.9700 -91.6500
-4.5873524622e-02 -3.8618573017e-01 -2.5680476222e+00
201 204 193
4 7 508 -15.0400 -98.0500 2 629 -40.7600 -37.2800 9 503 -47.4000 -8.5600 3 826 -60.5800 -8.6000
4.4123315338e-02 -4.3781359584e-01 -2.6115296578e+00
204 210 203
2 7 686 6.3900 -108.5800 2 815 -23.6500 -54.8800
7.8279270354e-01 -2.2376555122e-02 -2.9907495977e+00
192 193 187
2 7 747 162.5500 -10.0200 2 852 183.0600 -26.8200
9.1705882605e-03 -5.7055184341e-01 -2.6433996973e+00
186 146 143
2 7 898 -1.2700 -138.0600 2 1060 -36.4100 -83.2000
-1.2902214658e-01 -3.5933847434e-01 -2.5342224043e+00
37 35 33
3 7 965 -35.7500 -92.4700 9 1022 -72.4800 -1.8700 10 814 35.1000 62.8500
-1.2946694759e-01 -3.5948440236e-01 -2.5355364516e+00
37 35 33
2 7 966 -35.7500 -92.4700 9 1023 -72.4800 -1.8700
8.2486607037e-02 -2.8825418157e-01 -2.5795578484e+00
249 41 38
2 7 990 15.1600 -74.3000 9 1051 -10.8300 19.2000
-5.8366871587e-01 -2.9321867592e-01 -2.5490284219e+00
180 88 109
2 8 351 -115.4800 -82.3500 9 495 -175.3200 -16.3700
6.9652942201e-02 -3.2972494922e-01 -2.5930359253e+00
241 44 32
2 8 498 37.7800 -102.0500 9 511 -13.2700 7.0700
-5.9774880782e-01 -9.5919579717e-02 -2.4866418124e+00
155 155 162
2 8 1153 -123.0500 -47.0500 9 1064 -176.8700 31.4900
-1.2306568588e-01 -6.2814348766e-01 -2.6018018072e+00
212 186 39
2 0 147 -0.5500 -100.9700 9 152 -69.6900 -75.3700
-1.0673351959e-01 -3.0090523680e-01 -2.5258742656e+00
216 220 216
3 0 161 -4.1800 -17.1200 9 164 -66.3500 13.9900 10 123 41.0300 77.3100
-4.1750858454e-01 2.4534726668e-01 -2.6564089265e+00
235 237 241
2 0 245 -88.5100 84.7800 2 260 -47.1300 86.6400
-1.4626356255e-01 -3.7364656580e-01 -2.5349248365e+00
210 210 206
3 0 314 -11.8600 -35.7600 9 245 -77.4800 -5.5800 10 189 30.3800 58.2600
-4.9127301915e-01 -3.0838926943e-01 -2.5334012956e+00
102 126 101
2 0 315 -98.2500 -28.2500 9 499 -157.8200 -12.0600
-5.6261190647e-01 -4.6124495607e-01 -2.6075598345e+00
119 170 165
2 0 445 -111.7800 -70.8500 2 630 -124.9500 -34.4200
-6.5960191894e-02 -3.7837089295e-01 -2.5613278524e+00
32 30 30
3 0 457 7.6500 -36.8500 2 410 -44.4900 -34.3800 5 357 99.6300 -22.3200
-2.2693912037e-01 2.2643442782e-01 -2.6531195108e+00
94 198 223
2 0 521 -45.5600 85.1400 2 467 -18.4400 79.4900
1.1887849065e-01 -1.1437849754e+00 -2.3731069869e+00
52 21 8
2 0 550 87.2400 -227.1000 9 428 -45.4600 -185.3200
-7.7708038746e-02 -3.3752022440e-01 -2.5437882686e+00
213 214 213
4 0 676 3.9100 -26.1800 2 856 -45.3400 -24.1900 9 663 -57.5900 4.5800 3 845 -63.4000 5.4600
-3.4810149215e-01 -6.7997244806e-01 -2.6950273275e+00
113 137 121
2 0 822 -53.9300 -121.9900 9 595 -117.3500 -114.2600
-6.1589688412e-01 -6.2345718418e-01 -2.6392789124e+00
159 34 65
3 0 824 -121.3800 -112.7700 2 1084 -141.0600 -65.0300 5 513 -22.6400 -126.4800
-9.0984575429e-02 -4.6520010425e-01 -2.5786645757e+00
13 14 10
4 0 847 3.6200 -58.9000 2 1105 -53.4500 -52.4000 5 1025 99.2100 -46.7700 3 1111 -72.2600 -23.6500
7.1395120825e-02 -4.3099265374e-01 -2.6181182807e+00
221 223 221
3 0 861 40.7300 -49.0600 2 814 -17.2500 -55.1800 9 640 -11.5500 -19.8800
-3.9270370978e-01 -3.3945085070e-02 -2.5615934268e+00
186 189 198
2 0 905 -78.8000 35.0200 9 852 -119.9900 42.6600
3.5325276109e-01 8.8347658183e-01 -2.6768475238e+00
61 30 20
2 0 963 60.5400 214.6600 2 340 129.8800 189.9300
-4.8165767279e-02 -5.7990774207e-01 -2.6288759629e+00
159 118 119
2 0 1097 16.4000 -87.6300 2 1066 -48.8500 -81.4500
4.5829635873e-02 -3.3352893315e-01 -2.5816184400e+00
87 16 8
3 0 1155 32.7000 -24.9400 9 832 -21.2600 6.8800 3 1135 -40.9300 -5.8700
-4.8342308071e-01 -4.5245406816e-01 -2.5981183888e+00
32 35 28
3 1 22 -128.6800 -60.1800 2 58 -111.4800 -36.6200 9 21 -154.8500 -51.8700
3.7146459224e-01 3.6652589876e-01 -2.6756815706e+00
134 210 113
2 1 33 95.6200 123.7700 2 21 100.7400 91.2200
1.9167514114e-01 -8.9614105309e-01 -2.5415962239e+00
18 61 38
2 1 154 29.8100 -188.2400 2 210 -40.3200 -160.1800
7.2881636523e-02 -3.8223747527e-01 -2.6046553713e+00
145 149 149
2 1 175 10.0500 -48.6600 9 158 -11.8000 -6.3700
-4.6745825912e-01 -3.1982455098e-01 -2.5466190573e+00
78 151 107
2 1 178 -124.8000 -25.2500 9 157 -151.2200 -15.2000
5.7189092558e-01 4.1451656276e-01 -2.7283070072e+00
123 127 108
3 1 197 144.6600 129.6600 2 331 148.7300 90.9200 9 192 119.9200 150.6900
2.0844017658e-01 5.6966878937e-01 -2.5500587432e+00
216 226 225
2 1 204 55.8400 181.2500 2 193 72.3600 147.2100
4.7002839036e-01 -9.7075345535e-01 -2.5191472001e+00
43 26 18
2 1 209 107.0700 -216.1100 2 204 7.0400 -198.5900
-3.9880682780e-01 -7.1782719195e-01 -2.6798156918e+00
70 148 99
2 1 225 -108.3100 -129.9500 2 298 -110.7000 -95.3700
-3.4948634896e-01 -7.0351498987e-01 -2.6938809062e+00
80 157 107
2 1 226 -95.1200 -127.3000 2 226 -100.2700 -95.7500
-2.1740020851e-01 2.9880494723e-01 -2.6397746345e+00
162 163 147
2 1 260 -45.0800 110.9700 2 262 -13.3600 93.2000
-2.1740020851e-01 2.9880494723e-01 -2.6397746345e+00
162 163 147
2 1 261 -45.0800 110.9700 2 263 -13.3600 93.2000
5.7387321817e-01 4.1140904434e-01 -2.7276661458e+00
119 124 105
2 1 264 145.1800 128.6700 2 332 148.7300 90.9200
-5.3376706092e-01 -1.0092588715e+00 -2.4264151775e+00
69 96 81
2 1 289 -175.5000 -204.6600 2 382 -189.3100 -134.8100
9.8664825767e-02 -4.8549776038e-01 -2.6413343239e+00
24 18 19
2 1 330 16.1100 -76.8400 9 333 -1.7700 -34.8100
-5.6555927780e-01 -4.6290399014e-01 -2.6154702878e+00
110 168 163
3 1 337 -145.9300 -62.5900 9 331 -170.6700 -61.7700 10 280 -81.7300 8.2100
4.5712306530e-01 9.7849971115e-02 -2.9718749002e+00
18 39 15
2 1 367 116.0700 39.5200 2 320 122.3900 10.4700
-4.4351767668e-01 4.7485696435e-02 -2.5122107440e+00
190 214 164
2 1 371 -111.9700 65.0200 9 379 -133.9800 62.5400
-4.9479526474e-01 1.2482911740e-01 -2.4773414033e+00
212 100 139
2 1 376 -124.5100 86.1700 9 387 -146.2400 78.3800
5.4880878074e-01 2.8164792509e-01 -2.8063635199e+00
159 181 161
2 1 380 138.1700 92.2500 9 405 122.2100 114.4700
1.9988729006e-01 -9.8425299320e-01 -2.4423763537e+00
69 87 105
2 1 416 26.6600 -214.3300 2 538 -59.4300 -178.5500
-2.6665442471e-01 -8.8520654932e-01 -2.5377911192e+00
59 88 79
2 1 438 -91.9400 -175.1600 2 576 -121.2400 -129.3000
7.9135844006e-01 -1.0495202942e-01 -3.0411210585e+00
120 121 107
2 1 490 191.7600 -10.3500 9 363 207.1000 21.5200
7.8993947124e-01 -1.0658507900e-01 -3.0363180419e+00
120 121 107
2 1 491 191.7600 -10.3500 2 615 181.9900 -48.1800
8.1618629405e-01 -4.9635823842e-02 -3.0124524783e+00
203 207 200
2 1 501 198.2100 3.3600 9 369 210.0800 38.2600
5.9684619182e-01 3.7413663006e-01 -2.7310291364e+00
163 171 161
2 1 534 150.5700 119.4800 2 893 151.5600 83.3400
-3.5512613828e-02 -5.9133615458e-01 -2.6317720326e+00
25 23 23
3 1 626 -20.0000 -101.9600 2 799 -47.1700 -84.6000 3 775 -69.9100 -58.3700
7.3612279467e-02 -4.6878197068e-01 -2.6310978917e+00
212 214 209
3 1 641 10.1900 -71.9000 9 621 -9.8100 -30.5800 10 569 99.8300 27.6500
1.0267363644e-02 -5.7098742521e-01 -2.6417525799e+00
185 146 146
2 1 853 -7.5600 -97.6600 2 1061 -36.4100 -83.2000
-1.8783233367e-03 -4.4069247359e-01 -2.5995273035e+00
218 222 219
3 1 886 -10.1400 -62.6200 2 1104 -33.5500 -52.4700 10 583 76.0000 37.0900
5.5716506303e-02 -8.6648634321e-01 -2.5428877036e+00
39 80 64
2 1 1053 -6.5000 -176.5300 2 1007 -63.3900 -144.9200
-3.5569924711e-01 -6.6687232318e-01 -2.6872342998e+00
38 59 40
2 1 1115 -96.3200 -118.0400 9 763 -119.7600 -110.2400
-1.0231632249e-01 -5.8542011374e-01 -2.6152004109e+00
150 127 123
3 1 1121 -37.5600 -99.1400 9 775 -61.5000 -66.1800 10 777 48.3200 -3.2200
1.0757314769e-01 -5.5615192419e-01 -2.6717944478e+00
67 6 0
3 1 1122 18.6000 -96.0500 9 787 3.3500 -56.5500 10 785 113.4800 1.3500
-8.5539233570e-02 -4.7459490402e-01 -2.5835730533e+00
202 208 204
3 1 1132 -32.8700 -69.7200 9 992 -58.1200 -33.4800 10 1030 50.9100 29.3500
-8.5356432762e-02 -4.7470324825e-01 -2.5833764499e+00
202 208 204
2 1 1133 -32.8700 -69.7200 9 993 -58.1200 -33.4800
8.8451315146e-02 -4.4771448315e-01 -2.6285275825e+00
209 211 211
2 1 1136 13.8200 -66.5300 9 1004 -5.7100 -24.4500
-6.3651179121e-02 -4.6167455102e-01 -2.5842500008e+00
8 11 15
3 1 1137 -27.1000 -66.6200 9 998 -51.9300 -29.5900 10 1031 57.3700 33.2500
-2.3058251466e-02 -4.3282182091e-01 -2.5877218778e+00
24 26 33
2 1 1144 -15.9500 -59.8100 9 1007 -40.2200 -20.8300
8.2889523586e-02 -4.1695703614e-01 -2.6174713125e+00
20 15 19
2 1 1147 12.5600 -58.1500 9 1011 -8.1500 -15.8400
-4.3868133541e-02 -4.1624816923e-01 -2.5772152060e+00
210 213 206
3 1 1148 -21.4300 -54.9100 9 1010 -46.6300 -16.4300 10 1037 62.3700 45.1600
-1.1267539685e-01 -3.4274841511e-01 -2.5340241457e+00
26 26 27
2 1 1162 -39.8900 -33.4600 9 1028 -67.8200 3.1400
-1.9571616943e-03 -3.1055773154e-01 -2.5608392848e+00
47 49 53
3 1 1164 -9.6500 -27.5800 9 1042 -35.4800 12.6200 10 1056 72.6500 72.4100
-1.1109905372e-01 -2.6026153114e-01 -2.5108888745e+00
166 106 64
2 1 1184 -38.9900 -11.1900 9 1058 -68.0800 24.8800
3.5062307271e-01 -2.0896595356e-01 -2.4959386534e+00
143 211 115
2 1 1193 81.7700 -0.4400 2 1139 40.3500 -9.6800
8.1520118900e-01 1.4122748193e-02 -2.9640048480e+00
197 196 188
2 1 1212 199.2900 20.4400 2 1133 190.6800 -18.5200
7.0930606149e-01 1.2285971502e-01 -2.9355828111e+00
178 179 174
2 1 1219 174.4800 46.8300 9 1091 172.8900 75.8700
7.5736390599e-01 1.4072002273e-01 -2.9153600986e+00
174 180 170
2 1 1220 186.0400 52.0700 9 1104 183.5000 85.5200
6.5124470983e-01 1.0991281358e-01 -2.7762954745e+00
201 213 209
2 1 1223 162.6300 56.0500 9 1119 149.9700 97.9900
6.3038901213e-01 3.1607295030e-01 -2.7462813830e+00
171 178 167
2 1 1241 158.1500 105.3000 9 888 137.7300 136.3000
-5.9724350663e-01 -3.6418794203e-01 -2.5653817575e+00
202 62 107
2 2 424 -128.1900 -11.8200 9 335 -179.5400 -34.5200
-6.4683595320e-01 -1.9698693007e-01 -2.4938078839e+00
125 178 182
2 2 442 -131.7700 26.1700 9 356 -191.6500 8.0600
7.7944569242e-01 3.8134776093e-01 -2.8514246108e+00
128 105 98
2 2 462 198.5800 68.1800 9 413 177.2200 136.9600
-6.1869960525e-02 -1.0545592544e+00 -2.3489370749e+00
11 11 10
2 2 544 -128.4600 -171.9500 9 287 -109.6900 -158.8400
-5.1322744746e-01 -9.5614382500e-01 -2.4080016210e+00
29 29 31
2 2 781 -184.7700 -123.8700 9 574 -226.5800 -157.3700
7.9132797480e-02 -3.5145866722e-01 -2.5980637631e+00
49 16 12
2 2 1117 -12.2900 -37.4000 9 825 -10.4000 2.0500
3.6884943658e+00 3.7971758646e+00 -1.5787469716e+01
14 14 14
2 7 84 184.2700 161.3100 10 892 304.4700 -182.0600
-6.3580720512e-01 2.7670540727e+00 -7.9909178190e+00
90 57 58
2 7 221 -37.3900 224.1300 5 136 -233.7000 103.0700
-6.4939917093e-01 -6.9393460003e-03 -2.4359810423e+00
176 203 153
3 7 287 -165.8000 -7.9800 5 255 -64.6300 54.8100 3 652 -108.7900 109.4200
6.0609382139e-01 -7.5670673537e-01 -2.6729247650e+00
82 118 41
2 7 345 138.9500 -179.6700 10 178 284.9800 -31.4900
-8.7821567835e-02 -3.8279188781e-02 -2.7043773411e+00
75 201 237
2 7 388 -23.6000 -14.4400 5 570 54.0700 46.1000
9.9831844837e-02 -4.7920970983e-01 -2.6436176469e+00
50 6 7
2 7 491 19.5200 -117.0300 10 414 108.5800 24.0300
-2.9061187429e-02 -3.3139713107e-01 -2.5542336695e+00
206 214 208
2 7 721 -11.4400 -85.2500 10 620 64.5900 68.5600
3.8362379995e-01 5.7753559401e-01 -2.6337320390e+00
144 146 135
2 7 785 83.8000 128.8700 5 877 113.0500 199.4200
2.4113026013e-01 -7.4201426542e-01 -2.6673620881e+00
19 19 15
2 0 73 89.6300 -119.9400 5 55 182.9400 -100.8600
-4.7164822487e-01 -3.2228788554e-01 -2.5398712966e+00
88 140 103
3 0 115 -92.9100 -31.6000 5 124 -0.1700 -28.6200 10 85 -60.4200 54.6300
2.5782545032e-01 -8.0654953595e-01 -2.6236267273e+00
242 253 117
2 0 143 97.9000 -134.7900 5 83 197.9700 -113.1100
-3.7967067350e-01 3.7724985935e-01 -2.5953727337e+00
182 180 172
2 0 184 -83.1000 119.9200 5 139 -34.1300 141.7100
3.1481522982e-01 -8.8459934770e-01 -2.5667710019e+00
8 13 9
2 0 205 117.8200 -151.3400 5 116 225.0400 -126.8900
-4.4398107405e-01 -3.8185441944e-01 -2.5678209986e+00
59 58 53
2 0 222 -84.7600 -47.3400 5 156 8.6700 -45.1900
-2.7132766739e-01 4.8078085776e-01 -2.5899294408e+00
188 193 187
2 0 256 -60.8100 142.0300 5 183 -15.4500 169.8200
3.0238616434e-01 -1.1603766149e+00 -2.4558372820e+00
17 16 13
2 0 372 133.3800 -224.1300 5 455 266.7200 -198.4100
9.0038639244e-03 -4.2364166407e-01 -2.5963009805e+00
35 31 28
2 0 452 26.1200 -47.5600 5 352 116.2200 -32.1200
-8.0400311892e-02 1.3634232144e-01 -2.6505313391e+00
211 229 194
2 0 515 -10.7600 69.7100 5 590 47.4400 91.4100
-5.4463383520e-01 1.4972741494e-01 -2.5423544814e+00
103 178 205
2 0 516 -118.5300 74.1000 5 841 -55.4400 88.0600
-7.3653700376e-01 1.8870191211e-01 -2.5151924180e+00
149 145 136
2 0 518 -165.6700 80.5700 5 265 -107.6900 93.9400
7.0399761566e-02 6.3048092291e-01 -2.6406306666e+00
144 144 138
2 0 541 9.7500 170.8300 5 431 45.3400 202.8000
-5.7790682437e-01 1.5135954434e-01 -2.4995830079e+00
59 48 41
2 0 704 -127.5900 78.6100 5 589 -61.5100 91.3700
-6.0130081552e-01 2.5587890067e-01 -2.5040480427e+00
159 167 161
2 0 708 -134.5200 98.7300 5 409 -75.5500 117.6300
-2.2719900759e-01 3.5970852674e-01 -2.6294072863e+00
90 82 74
2 0 710 -48.5600 114.2400 10 457 14.5500 166.5800
-2.4656129340e-01 4.2981266261e-01 -2.6084295984e+00
88 76 64
2 0 717 -54.2200 129.7300 5 610 -7.5200 157.3000
-6.3449552333e-01 -8.9006170906e-01 -2.8357165240e+00
61 62 65
2 0 770 -116.3400 -183.2400 10 473 -93.3300 -131.5900
-3.6897951754e-01 -8.8726332787e-01 -2.5529459853e+00
45 86 68
2 0 791 -54.9600 -171.6400 5 685 71.2000 -178.6900
-3.4834927823e-01 -6.7987234079e-01 -2.6979373477e+00
113 137 121
2 0 821 -53.9300 -121.9900 5 731 43.7400 -124.4100
-7.6066934243e-03 -4.1815393529e-01 -2.5913051576e+00
216 217 212
2 0 865 22.1000 -46.3600 5 1047 112.6800 -31.3700
-6.5723039653e-01 -1.9284091293e-01 -2.4865055720e+00
150 166 189
3 0 891 -142.7500 -1.3200 5 797 -56.1000 -1.1900 10 830 -109.4900 84.0600
7.8773502925e-01 6.6267266956e-02 -2.9334796885e+00
194 202 189
2 0 912 162.9300 47.9600 10 641 274.2100 102.8700
6.6257350757e-01 1.8964399017e-01 -2.7616837353e+00
216 232 231
2 0 926 143.0400 83.5000 5 849 178.5600 115.4600
6.6257350757e-01 1.8964399017e-01 -2.7616837353e+00
216 232 231
2 0 927 143.0400 83.5000 5 850 178.5600 115.4600
5.6794106071e-01 2.4877481895e-01 -2.8190225683e+00
102 121 87
2 0 928 118.2600 87.9200 10 655 211.4200 145.4500
2.1510640022e-01 3.3637299476e-01 -2.6214665502e+00
97 138 81
2 0 945 49.3800 117.8100 5 606 98.0600 147.8800
2.2917665981e-01 3.7482009593e-01 -2.6179158735e+00
221 244 252
2 0 953 51.3700 126.0000 5 868 98.4500 156.7700
-6.6135291855e-01 -8.4187132172e-01 -2.7908019259e+00
74 68 72
2 0 1023 -125.0400 -171.6200 5 659 -29.0500 -193.6400
-6.3079948473e-01 -8.2530317148e-01 -2.7857599141e+00
117 117 120
2 0 1029 -118.1000 -166.9400 5 919 -22.1500 -186.3700
-1.5074309575e-02 -5.9750281887e-01 -2.6481264303e+00
189 167 77
2 0 1090 24.4500 -91.8900 5 1004 119.0000 -79.4800
8.7975336548e-02 -4.4630490925e-01 -2.6342470460e+00
186 188 183
2 0 1126 44.5300 -53.2200 5 1039 130.7100 -35.6400
-7.4818980390e-01 1.7573349549e-01 -2.5208614370e+00
92 73 66
2 0 1201 -168.1000 77.2000 5 843 -110.2300 89.2600
6.0781109893e-01 2.5267556607e-01 -2.7737868810e+00
145 152 137
2 0 1208 128.8900 93.3600 5 1126 162.8400 125.3700
-2.7311488992e-01 4.2211387040e-01 -2.6133380326e+00
143 140 136
2 0 1225 -59.9400 127.4200 5 1133 -13.4600 154.0600
2.2587175914e-01 3.9177610885e-01 -2.6214570906e+00
61 92 88
2 0 1230 50.0500 129.2400 5 1136 96.1800 159.5200
8.8675442959e-01 4.8751470173e-01 -2.8138084162e+00
26 22 32
2 0 1232 173.4900 137.4400 5 1140 189.8600 172.0200
-6.8168106134e-01 3.9248774103e-01 -2.5007284224e+00
62 42 35
2 1 388 -157.2400 143.3200 10 669 -96.0700 177.2300
-5.6765722622e-01 -7.2253768227e-01 -2.6908793289e+00
96 164 176
2 1 614 -146.8500 -128.4200 5 712 -6.4100 -151.8500
8.9320173595e-02 -1.7820773704e-01 -2.5934240280e+00
33 37 20
2 1 691 17.1300 3.2800 5 372 114.3100 30.7500
-9.4694213721e-02 -6.0021383530e-01 -2.6188642145e+00
25 21 12
2 1 845 -35.8500 -103.0900 10 544 51.0700 -7.0700
-3.6440290951e-02 -3.4522378444e-01 -2.5536286918e+00
46 47 49
2 1 910 -19.4900 -35.4100 5 1064 104.7000 -12.5100
1.0745299306e-01 -5.5649316777e-01 -2.6707122245e+00
67 6 0
2 1 1123 18.6000 -96.0500 10 786 113.4800 1.3500
-7.2586279402e-02 -6.9077536678e-01 -2.6518894453e+00
221 194 41
2 9 6 -51.6500 -96.6800 10 6 60.3500 -35.4600
-1.0548813855e-01 4.5246732673e-01 -2.6454704499e+00
180 183 179
2 9 122 -36.4400 126.4700 10 98 42.9000 181.5200
-6.5955628729e-01 2.2135362883e+00 -3.3968902324e+00
76 37 22
2 9 127 -45.3800 185.6700 10 463 -20.4200 230.9200
-1.4998236291e-01 -1.1617817712e+00 -2.3625786823e+00
143 141 137
2 9 134 -143.1500 -203.6800 10 102 17.5400 -129.9000
7.1857416074e-02 -1.1301902667e+00 -2.4011291662e+00
161 162 149
2 9 135 -57.6900 -187.9700 10 103 109.6400 -117.3300
6.1344287519e-01 2.9966175521e-01 -2.7650930148e+00
216 232 228
2 9 187 134.9100 128.7000 10 218 220.2300 165.3200
-7.9672864793e-02 5.2822680641e-01 -2.6228916574e+00
149 143 135
2 9 190 -31.9100 142.4000 10 138 47.4100 197.6600
1.1540387008e-01 4.4883731020e-01 -2.5698768736e+00
200 211 210
2 9 194 3.7800 153.3800 10 140 91.9000 205.1700
3.0367551394e-01 -1.1408340761e+00 -2.4600612578e+00
114 117 114
2 9 201 37.1800 -190.2800 10 153 207.4300 -123.4200
3.0367551394e-01 -1.1408340761e+00 -2.4600612578e+00
114 117 114
2 9 202 37.1800 -190.2800 10 154 207.4300 -123.4200
-4.4277692880e-01 -7.0076056589e-01 -2.6654289186e+00
98 158 99
2 9 221 -146.3000 -119.5300 10 115 -49.3200 -52.1000
4.7845957066e-01 2.3445931821e-01 -2.7758083256e+00
162 218 125
2 9 261 104.1000 108.0700 10 209 189.6400 147.3400
-6.4293811507e-02 -1.2017762369e+00 -2.3604449171e+00
92 89 85
2 9 272 -116.8500 -214.8100 10 235 52.7300 -141.9400
-2.0650299189e-01 -1.1874204763e+00 -2.3552358682e+00
42 28 28
2 9 273 -165.1200 -214.5600 10 236 -6.0500 -140.1000
-2.3315074963e-01 -1.1867772081e+00 -2.3494897784e+00
42 25 26
2 9 274 -175.0400 -214.4000 10 237 -17.2900 -139.8300
-2.1574548398e-01 -1.1723983293e+00 -2.3486476555e+00
156 153 145
2 9 276 -168.5000 -208.2000 10 238 -10.1900 -133.6600
-2.5773472631e-01 -1.0652477707e+00 -2.4126541298e+00
120 118 113
2 9 278 -160.9500 -181.3800 10 245 -18.6400 -108.5800
-1.2276637070e-01 -1.0694525244e+00 -2.4187072080e+00
129 132 127
2 9 280 -117.6200 -178.3000 10 359 32.4300 -105.8200
5.1100520250e-01 -1.0601930663e+00 -2.5192163740e+00
154 146 140
2 9 285 123.2100 -158.3700 10 247 284.7300 -98.0000
4.1532841096e-01 -1.0581418252e+00 -2.4917181679e+00
177 187 173
2 9 286 83.2500 -158.5300 10 248 246.6600 -95.6900
5.3156751732e-01 -1.0376531307e+00 -2.5230667019e+00
179 189 180
2 9 298 130.9300 -149.9200 10 366 290.6600 -89.9300
-5.9015218286e-01 -2.3166887237e-01 -2.5229541330e+00
206 107 127
2 9 352 -177.2500 -0.0100 10 434 -89.9900 72.1200
3.0865163317e-01 -7.8683123566e-02 -2.9061916715e+00
108 155 76
2 9 362 76.6000 20.0000 10 299 158.8400 65.5600
3.3466431750e-01 -7.1407794549e-02 -2.9079212766e+00
25 53 9
2 9 365 83.0400 22.3600 10 301 165.1900 67.7200
8.2665222028e-01 -3.3955992950e-02 -2.9944099948e+00
125 114 96
2 9 370 211.2000 44.8000 10 307 288.5900 76.0300
8.2665222028e-01 -3.3955992950e-02 -2.9944099948e+00
125 114 96
2 9 371 211.2000 44.8000 10 308 288.5900 76.0300
8.1982071214e-01 4.6530626451e-02 -2.9309410192e+00
191 200 194
2 9 381 203.3900 70.0700 10 317 283.4800 100.9500
5.8458233637e-01 2.7072989524e-01 -2.7799588507e+00
138 148 123
2 9 407 129.4200 119.6000 10 330 214.3400 156.8200
-2.1842705284e-01 4.2820552784e-01 -2.5949532893e+00
196 201 195
2 9 408 -65.0000 123.9200 10 339 14.8600 183.5000
-2.2147398388e-01 4.8132072808e-01 -2.5913645721e+00
151 145 142
2 9 410 -64.6900 131.8200 10 340 14.0500 191.7100
-2.0166659997e-01 -1.0219807349e+00 -2.4019995202e+00
11 10 9
2 9 434 -143.0800 -162.6000 10 362 1.6800 -90.1600
3.9476971428e-01 -1.0631803265e+00 -2.4829803093e+00
184 190 178
2 9 436 74.4800 -160.1600 10 483 238.9000 -96.4300
5.5442481081e-01 -1.0366284619e+00 -2.5263647979e+00
185 192 181
2 9 446 140.0900 -148.5100 10 365 299.6200 -89.5500
5.7290100366e-02 -7.8533597136e-01 -2.6033120964e+00
69 67 28
2 9 460 -22.7800 -108.9900 10 398 101.4900 -46.3300
8.4864389751e-01 4.1991857674e-02 -2.9564467799e+00
96 72 54
2 9 533 212.1000 66.6200 10 440 290.4100 96.6200
8.4864389751e-01 4.1991857674e-02 -2.9564467799e+00
96 72 54
2 9 534 212.1000 66.6200 10 441 290.4100 96.6200
2.2363505173e-01 2.7243022535e-01 -2.6080374195e+00
63 84 40
2 9 546 30.8700 126.8600 10 337 122.9500 176.4100
7.9107865721e-02 -8.0060228092e-01 -2.5950696699e+00
24 24 6
2 9 762 -17.6600 -110.5200 10 981 108.9600 -48.6100
6.7706070836e-02 -4.2974292790e-01 -2.6169211244e+00
220 220 219
2 9 814 -12.4100 -19.4800 10 796 97.0400 38.8800
6.7706070836e-02 -4.2974292790e-01 -2.6169211244e+00
220 220 219
2 9 815 -12.4100 -19.4800 10 797 97.0400 38.8800
8.1631216578e-01 3.6488147317e-02 -2.9331621251e+00
203 209 201
2 9 861 202.9900 67.6600 10 846 283.1600 98.7000
8.4794825506e-01 4.6761037586e-02 -2.9390367005e+00
194 200 194
2 9 864 211.0300 70.4600 10 849 290.4200 100.5300
1.4027729297e-01 4.5198238731e-01 -2.5954411337e+00
105 94 73
2 9 892 11.5300 150.8800 10 879 98.4700 201.5400
5.4217916976e-01 4.8075165945e-01 -2.6571678953e+00
147 153 134
2 9 897 107.4600 171.3500 10 1118 195.1500 209.7000
-6.7196369009e-02 -7.9203295525e-01 -2.6102562404e+00
164 139 11
2 9 950 -58.4500 -118.2500 10 970 61.1100 -53.9800
-2.1019061966e-02 -4.0456708045e-01 -2.5801412684e+00
36 38 37
2 9 1013 -39.9100 -12.9100 10 1038 69.0700 48.1100
-2.1019061966e-02 -4.0456708045e-01 -2.5801412684e+00
36 38 37
2 9 1014 -39.9100 -12.9100 10 1039 69.0700 48.1100
1.6079607154e-02 -3.0609090416e-01 -2.5676840389e+00
78 39 31
2 9 1044 -29.7800 13.5400 10 1057 77.9900 72.7500
3.3582300828e-01 -9.8773197895e-02 -2.9203117732e+00
71 114 42
2 9 1048 84.5300 15.3200 10 1048 166.5300 60.6400
6.4441546777e-01 1.0192337767e-01 -2.7922298105e+00
159 168 158
2 9 1112 149.3900 93.1300 10 1093 237.8200 129.8000
-3.5283650505e-01 -1.3282470209e-01 -2.4973327800e+00
200 100 129
2 0 486 -68.0900 18.2400 3 637 -80.8200 67.7400
-1.2563605191e-01 -3.8306005658e-01 -2.5444446962e+00
31 29 37
2 1 670 -43.3200 -44.3000 3 835 -73.6000 -0.9500
-6.9032063639e-01 2.9979180012e-02 -2.4435175510e+00
190 176 157
2 2 70 -127.1300 72.3400 3 56 -107.6100 118.3300
8.2808835759e-01 4.6756025024e-01 -2.9155164114e+00
128 92 80
2 2 259 217.8000 77.3800 3 138 243.0000 99.0200
1.5261222803e-01 5.3745450589e-01 -2.5655266755e+00
219 229 228
2 2 269 60.9500 140.0200 3 195 68.6300 183.8600
-2.9212868477e-02 -1.1723250840e+00 -2.3406978550e+00
126 121 118
2 2 276 -134.1000 -203.3200 3 376 -190.2800 -167.2400
4.4902374838e-01 -1.0177207141e+00 -2.4723870947e+00
148 155 141
2 2 351 -7.4000 -207.3000 3 365 -91.7600 -199.0800
1.0933002010e-01 -5.7005796169e-01 -2.6705762296e+00
59 8 4
2 2 590 -15.3400 -89.6700 3 575 -43.4000 -68.9800
1.0933002010e-01 -5.7005796169e-01 -2.6705762296e+00
59 8 4
2 2 591 -15.3400 -89.6700 3 576 -43.4000 -68.9800
4.1820595754e-01 1.0928698228e-01 -2.9607084537e+00
191 226 82
2 2 653 114.6900 14.9300 3 621 124.7500 32.7600
4.1820595754e-01 1.0928698228e-01 -2.9607084537e+00
191 226 82
2 2 654 114.6900 14.9300 3 622 124.7500 32.7600
9.0311323378e-01 6.5160055545e-01 -2.9731597095e+00
187 183 189
2 2 674 247.2800 105.9200 3 253 292.4800 135.0000
-1.4881621663e-02 -4.3163159156e-01 -2.5923518617e+00
34 33 40
2 2 825 -35.8800 -49.6900 3 1114 -57.4400 -23.1500
8.3722414225e-01 5.3489203035e-02 -2.9886742694e+00
104 75 69
2 2 866 199.0700 -12.5600 3 602 202.7700 -13.7900
-7.1959273428e-01 6.9806879099e-02 -2.3932782696e+00
204 121 138
2 2 896 -134.7300 85.4400 3 1199 -114.8300 130.8400
4.1970280819e-01 4.1645977526e-01 -2.7065457116e+00
220 236 242
2 2 898 116.0200 97.5200 3 659 122.2200 130.1300
9.6435089885e-02 -5.5871586394e-01 -2.6650296783e+00
183 143 139
2 2 1057 -17.4400 -86.2800 3 1081 -44.7500 -64.9900
-7.1988898853e-03 -4.1867746000e-01 -2.5889744893e+00
221 222 216
2 2 1112 -33.9500 -46.9500 3 1117 -55.7100 -20.8300
-6.3953511976e-01 -1.7957720932e-01 -2.4962333713e+00
133 169 180
2 2 1173 -128.9500 29.1500 3 1175 -113.8600 71.6800
2.0737277078e-01 5.6088300002e-01 -2.5819967357e+00
200 216 211
2 2 1229 74.2500 141.8100 3 906 82.8200 185.9200
-2.9881511152e-02 -3.7130679003e-01 -2.5699181410e+00
36 30 27
2 5 551 106.3200 -19.3500 3 609 -56.7600 -7.5200
4.1326860818e-03 -3.2309017025e-01 -2.5642139992e+00
54 10 12
2 5 555 110.7600 -5.5900 3 615 -48.3200 1.2700
-1.2724163963e-01 -3.4908586952e-01 -2.5310008681e+00
33 27 24
2 5 783 86.6500 -16.2300 3 847 -72.6600 7.0600
4.7564175257e-02 -3.1849965733e-01 -2.5760412469e+00
94 3 2
2 5 794 118.4800 -2.8700 3 832 -40.4100 -2.0900
5.3267771070e-01 3.6805548532e-01 -2.4539604944e+00
204 207 226
2 5 875 178.0000 183.6000 3 1203 95.1600 145.1100
